{"level":"info","message":"Server started on port 800","timestamp":"2025-11-25 22:44:51"}
{"level":"info","message":"Connected to MongoDB","timestamp":"2025-11-25 22:44:52"}
{"level":"info","message":"Server started on port 800","timestamp":"2025-11-25 23:05:41"}
{"level":"info","message":"Connected to MongoDB","timestamp":"2025-11-25 23:05:41"}
{"level":"info","message":"Server started on port 800","timestamp":"2025-11-25 23:08:01"}
{"level":"info","message":"Connected to MongoDB","timestamp":"2025-11-25 23:08:02"}
{"level":"info","message":"Server started on port 800","timestamp":"2025-11-25 23:08:11"}
{"level":"info","message":"Connected to MongoDB","timestamp":"2025-11-25 23:08:12"}
{"level":"info","message":"Server started on port 800","timestamp":"2025-11-25 23:09:19"}
{"level":"info","message":"Connected to MongoDB","timestamp":"2025-11-25 23:09:20"}
{"level":"info","message":"Server started on port 800","timestamp":"2025-11-25 23:09:23"}
{"level":"info","message":"Connected to MongoDB","timestamp":"2025-11-25 23:09:23"}
{"level":"info","message":"Server started on port 8004","timestamp":"2025-11-25 23:22:18"}
{"level":"info","message":"Connected to MongoDB","timestamp":"2025-11-25 23:22:18"}
{"level":"info","message":"Server started on port 8004","timestamp":"2025-11-25 23:26:09"}
{"level":"info","message":"Connected to MongoDB","timestamp":"2025-11-25 23:26:10"}
{"level":"info","message":"Server started on port 8004","timestamp":"2025-11-25 23:26:11"}
{"level":"info","message":"Connected to MongoDB","timestamp":"2025-11-25 23:26:11"}
{"level":"info","message":"Server started on port 8004","timestamp":"2025-11-25 23:26:46"}
{"level":"info","message":"Connected to MongoDB","timestamp":"2025-11-25 23:26:47"}
{"level":"info","message":"Server started on port 8004","timestamp":"2025-11-25 23:28:04"}
{"level":"info","message":"Connected to MongoDB","timestamp":"2025-11-25 23:28:04"}
{"level":"info","message":"Server started on port 8004","timestamp":"2025-11-25 23:29:04"}
{"level":"info","message":"Connected to MongoDB","timestamp":"2025-11-25 23:29:05"}
{"level":"info","message":"Server started on port 8004","timestamp":"2025-11-25 23:30:09"}
{"level":"info","message":"Connected to MongoDB","timestamp":"2025-11-25 23:30:09"}
{"level":"info","message":"Server started on port 8004","timestamp":"2025-11-25 23:31:50"}
{"level":"info","message":"Connected to MongoDB","timestamp":"2025-11-25 23:31:50"}
{"level":"info","message":"Server started on port 8004","timestamp":"2025-11-25 23:44:43"}
{"level":"info","message":"Connected to MongoDB","timestamp":"2025-11-25 23:44:44"}
{"level":"info","message":"::1 - - [25/Nov/2025:18:15:17 +0000] \"POST /offerzone/favorites/ HTTP/1.1\" 500 125 \"-\" \"axios/1.13.2\"","timestamp":"2025-11-25 23:45:17"}
{"level":"info","message":"Server started on port 8004","timestamp":"2025-11-25 23:48:14"}
{"level":"info","message":"Connected to MongoDB","timestamp":"2025-11-25 23:48:15"}
{"level":"info","message":"::1 - - [25/Nov/2025:18:18:28 +0000] \"POST /offerzone/favorites/ HTTP/1.1\" 201 256 \"-\" \"axios/1.13.2\"","timestamp":"2025-11-25 23:48:28"}
{"level":"info","message":"::1 - - [25/Nov/2025:18:18:28 +0000] \"GET /offerzone/favorites/undefined HTTP/1.1\" 500 169 \"-\" \"axios/1.13.2\"","timestamp":"2025-11-25 23:48:28"}
{"level":"info","message":"::1 - - [25/Nov/2025:18:19:17 +0000] \"POST /offerzone/favorites/ HTTP/1.1\" 201 256 \"-\" \"axios/1.13.2\"","timestamp":"2025-11-25 23:49:17"}
{"level":"info","message":"::1 - - [25/Nov/2025:18:19:17 +0000] \"GET /offerzone/favorites/6925f32530ea4ae161813795 HTTP/1.1\" 200 1351 \"-\" \"axios/1.13.2\"","timestamp":"2025-11-25 23:49:17"}
