{"level":"info","message":"Server started on port 8003","timestamp":"2025-11-29 14:27:48"}
{"level":"info","message":"Connected to Redis","timestamp":"2025-11-29 14:27:48"}
{"level":"info","message":"Connected to MongoDB","timestamp":"2025-11-29 14:27:49"}
{"level":"info","message":"Server started on port 8003","timestamp":"2025-11-29 14:31:30"}
{"level":"info","message":"Connected to Redis","timestamp":"2025-11-29 14:31:30"}
{"level":"info","message":"Connected to MongoDB","timestamp":"2025-11-29 14:31:30"}
{"level":"info","message":"Server started on port 8003","timestamp":"2025-11-29 14:36:36"}
{"level":"info","message":"Connected to Redis","timestamp":"2025-11-29 14:36:36"}
{"level":"info","message":"Connected to MongoDB","timestamp":"2025-11-29 14:36:36"}
{"level":"info","message":"Server started on port 8003","timestamp":"2025-11-29 15:05:57"}
{"level":"info","message":"Connected to MongoDB","timestamp":"2025-11-29 15:05:57"}
{"level":"info","message":"Server started on port 8003","timestamp":"2025-11-29 15:10:08"}
{"level":"info","message":"Connected to Redis","timestamp":"2025-11-29 15:10:08"}
{"level":"info","message":"Connected to MongoDB","timestamp":"2025-11-29 15:10:08"}
{"level":"info","message":"Server started on port 8003","timestamp":"2025-11-29 15:11:09"}
{"level":"info","message":"Connected to Redis","timestamp":"2025-11-29 15:11:09"}
{"level":"info","message":"Connected to MongoDB","timestamp":"2025-11-29 15:11:09"}
{"level":"info","message":"Server started on port 8003","timestamp":"2025-11-29 15:41:20"}
{"level":"info","message":"Connected to Redis","timestamp":"2025-11-29 15:41:20"}
{"level":"info","message":"Connected to MongoDB","timestamp":"2025-11-29 15:41:21"}
{"level":"info","message":"Server started on port 8003","timestamp":"2025-11-29 15:43:53"}
{"level":"info","message":"Connected to Redis","timestamp":"2025-11-29 15:43:53"}
{"level":"info","message":"Connected to MongoDB","timestamp":"2025-11-29 15:43:54"}
{"level":"info","message":"Server started on port 8003","timestamp":"2025-11-29 17:00:49"}
{"code":"ECONNREFUSED","level":"error","message":"Redis Client Error","stack":"AggregateError [ECONNREFUSED]: \n    at internalConnectMultiple (node:net:1118:18)\n    at afterConnectMultiple (node:net:1685:7)","timestamp":"2025-11-29 17:00:49"}
{"code":"ECONNREFUSED","level":"error","message":"Redis Client Error","stack":"AggregateError [ECONNREFUSED]: \n    at internalConnectMultiple (node:net:1118:18)\n    at afterConnectMultiple (node:net:1685:7)","timestamp":"2025-11-29 17:00:49"}
{"code":"ECONNREFUSED","level":"error","message":"Redis Client Error","stack":"AggregateError [ECONNREFUSED]: \n    at internalConnectMultiple (node:net:1118:18)\n    at afterConnectMultiple (node:net:1685:7)","timestamp":"2025-11-29 17:00:49"}
{"level":"info","message":"Connected to MongoDB","timestamp":"2025-11-29 17:00:50"}
{"code":"ECONNREFUSED","level":"error","message":"Redis Client Error","stack":"AggregateError [ECONNREFUSED]: \n    at internalConnectMultiple (node:net:1118:18)\n    at afterConnectMultiple (node:net:1685:7)","timestamp":"2025-11-29 17:00:50"}
{"code":"ECONNREFUSED","level":"error","message":"Redis Client Error","stack":"AggregateError [ECONNREFUSED]: \n    at internalConnectMultiple (node:net:1118:18)\n    at afterConnectMultiple (node:net:1685:7)","timestamp":"2025-11-29 17:00:50"}
{"code":"ECONNREFUSED","level":"error","message":"Redis Client Error","stack":"AggregateError [ECONNREFUSED]: \n    at internalConnectMultiple (node:net:1118:18)\n    at afterConnectMultiple (node:net:1685:7)","timestamp":"2025-11-29 17:00:51"}
{"code":"ECONNREFUSED","level":"error","message":"Redis Client Error","stack":"AggregateError [ECONNREFUSED]: \n    at internalConnectMultiple (node:net:1118:18)\n    at afterConnectMultiple (node:net:1685:7)","timestamp":"2025-11-29 17:00:53"}
{"code":"ECONNREFUSED","level":"error","message":"Redis Client Error","stack":"AggregateError [ECONNREFUSED]: \n    at internalConnectMultiple (node:net:1118:18)\n    at afterConnectMultiple (node:net:1685:7)","timestamp":"2025-11-29 17:00:55"}
{"code":"ECONNREFUSED","level":"error","message":"Redis Client Error","stack":"AggregateError [ECONNREFUSED]: \n    at internalConnectMultiple (node:net:1118:18)\n    at afterConnectMultiple (node:net:1685:7)","timestamp":"2025-11-29 17:00:57"}
{"code":"ECONNREFUSED","level":"error","message":"Redis Client Error","stack":"AggregateError [ECONNREFUSED]: \n    at internalConnectMultiple (node:net:1118:18)\n    at afterConnectMultiple (node:net:1685:7)","timestamp":"2025-11-29 17:00:59"}
{"code":"ECONNREFUSED","level":"error","message":"Redis Client Error","stack":"AggregateError [ECONNREFUSED]: \n    at internalConnectMultiple (node:net:1118:18)\n    at afterConnectMultiple (node:net:1685:7)","timestamp":"2025-11-29 17:01:01"}
{"code":"ECONNREFUSED","level":"error","message":"Redis Client Error","stack":"AggregateError [ECONNREFUSED]: \n    at internalConnectMultiple (node:net:1118:18)\n    at afterConnectMultiple (node:net:1685:7)","timestamp":"2025-11-29 17:01:03"}
{"code":"ECONNREFUSED","level":"error","message":"Redis Client Error","stack":"AggregateError [ECONNREFUSED]: \n    at internalConnectMultiple (node:net:1118:18)\n    at afterConnectMultiple (node:net:1685:7)","timestamp":"2025-11-29 17:01:05"}
{"code":"ECONNREFUSED","level":"error","message":"Redis Client Error","stack":"AggregateError [ECONNREFUSED]: \n    at internalConnectMultiple (node:net:1118:18)\n    at afterConnectMultiple (node:net:1685:7)","timestamp":"2025-11-29 17:01:08"}
{"code":"ECONNREFUSED","level":"error","message":"Redis Client Error","stack":"AggregateError [ECONNREFUSED]: \n    at internalConnectMultiple (node:net:1118:18)\n    at afterConnectMultiple (node:net:1685:7)","timestamp":"2025-11-29 17:01:10"}
{"code":"ECONNREFUSED","level":"error","message":"Redis Client Error","stack":"AggregateError [ECONNREFUSED]: \n    at internalConnectMultiple (node:net:1118:18)\n    at afterConnectMultiple (node:net:1685:7)","timestamp":"2025-11-29 17:01:12"}
{"code":"ECONNREFUSED","level":"error","message":"Redis Client Error","stack":"AggregateError [ECONNREFUSED]: \n    at internalConnectMultiple (node:net:1118:18)\n    at afterConnectMultiple (node:net:1685:7)","timestamp":"2025-11-29 17:01:14"}
{"code":"ECONNREFUSED","level":"error","message":"Redis Client Error","stack":"AggregateError [ECONNREFUSED]: \n    at internalConnectMultiple (node:net:1118:18)\n    at afterConnectMultiple (node:net:1685:7)","timestamp":"2025-11-29 17:01:16"}
{"code":"ECONNREFUSED","level":"error","message":"Redis Client Error","stack":"AggregateError [ECONNREFUSED]: \n    at internalConnectMultiple (node:net:1118:18)\n    at afterConnectMultiple (node:net:1685:7)","timestamp":"2025-11-29 17:01:18"}
{"code":"ECONNREFUSED","level":"error","message":"Redis Client Error","stack":"AggregateError [ECONNREFUSED]: \n    at internalConnectMultiple (node:net:1118:18)\n    at afterConnectMultiple (node:net:1685:7)","timestamp":"2025-11-29 17:01:20"}
{"code":"ECONNREFUSED","level":"error","message":"Redis Client Error","stack":"AggregateError [ECONNREFUSED]: \n    at internalConnectMultiple (node:net:1118:18)\n    at afterConnectMultiple (node:net:1685:7)","timestamp":"2025-11-29 17:01:22"}
{"code":"ECONNREFUSED","level":"error","message":"Redis Client Error","stack":"AggregateError [ECONNREFUSED]: \n    at internalConnectMultiple (node:net:1118:18)\n    at afterConnectMultiple (node:net:1685:7)","timestamp":"2025-11-29 17:01:25"}
{"code":"ECONNREFUSED","level":"error","message":"Redis Client Error","stack":"AggregateError [ECONNREFUSED]: \n    at internalConnectMultiple (node:net:1118:18)\n    at afterConnectMultiple (node:net:1685:7)","timestamp":"2025-11-29 17:01:27"}
{"code":"ECONNREFUSED","level":"error","message":"Redis Client Error","stack":"AggregateError [ECONNREFUSED]: \n    at internalConnectMultiple (node:net:1118:18)\n    at afterConnectMultiple (node:net:1685:7)","timestamp":"2025-11-29 17:01:29"}
{"code":"ECONNREFUSED","level":"error","message":"Redis Client Error","stack":"AggregateError [ECONNREFUSED]: \n    at internalConnectMultiple (node:net:1118:18)\n    at afterConnectMultiple (node:net:1685:7)","timestamp":"2025-11-29 17:01:31"}
{"code":"ECONNREFUSED","level":"error","message":"Redis Client Error","stack":"AggregateError [ECONNREFUSED]: \n    at internalConnectMultiple (node:net:1118:18)\n    at afterConnectMultiple (node:net:1685:7)","timestamp":"2025-11-29 17:01:33"}
{"code":"ECONNREFUSED","level":"error","message":"Redis Client Error","stack":"AggregateError [ECONNREFUSED]: \n    at internalConnectMultiple (node:net:1118:18)\n    at afterConnectMultiple (node:net:1685:7)","timestamp":"2025-11-29 17:01:35"}
{"code":"ECONNREFUSED","level":"error","message":"Redis Client Error","stack":"AggregateError [ECONNREFUSED]: \n    at internalConnectMultiple (node:net:1118:18)\n    at afterConnectMultiple (node:net:1685:7)","timestamp":"2025-11-29 17:01:37"}
{"code":"ECONNREFUSED","level":"error","message":"Redis Client Error","stack":"AggregateError [ECONNREFUSED]: \n    at internalConnectMultiple (node:net:1118:18)\n    at afterConnectMultiple (node:net:1685:7)","timestamp":"2025-11-29 17:01:39"}
{"code":"ECONNREFUSED","level":"error","message":"Redis Client Error","stack":"AggregateError [ECONNREFUSED]: \n    at internalConnectMultiple (node:net:1118:18)\n    at afterConnectMultiple (node:net:1685:7)","timestamp":"2025-11-29 17:01:41"}
{"code":"ECONNREFUSED","level":"error","message":"Redis Client Error","stack":"AggregateError [ECONNREFUSED]: \n    at internalConnectMultiple (node:net:1118:18)\n    at afterConnectMultiple (node:net:1685:7)","timestamp":"2025-11-29 17:01:44"}
{"code":"ECONNREFUSED","level":"error","message":"Redis Client Error","stack":"AggregateError [ECONNREFUSED]: \n    at internalConnectMultiple (node:net:1118:18)\n    at afterConnectMultiple (node:net:1685:7)","timestamp":"2025-11-29 17:01:46"}
{"code":"ECONNREFUSED","level":"error","message":"Redis Client Error","stack":"AggregateError [ECONNREFUSED]: \n    at internalConnectMultiple (node:net:1118:18)\n    at afterConnectMultiple (node:net:1685:7)","timestamp":"2025-11-29 17:01:48"}
{"code":"ECONNREFUSED","level":"error","message":"Redis Client Error","stack":"AggregateError [ECONNREFUSED]: \n    at internalConnectMultiple (node:net:1118:18)\n    at afterConnectMultiple (node:net:1685:7)","timestamp":"2025-11-29 17:01:50"}
{"code":"ECONNREFUSED","level":"error","message":"Redis Client Error","stack":"AggregateError [ECONNREFUSED]: \n    at internalConnectMultiple (node:net:1118:18)\n    at afterConnectMultiple (node:net:1685:7)","timestamp":"2025-11-29 17:01:52"}
{"code":"ECONNREFUSED","level":"error","message":"Redis Client Error","stack":"AggregateError [ECONNREFUSED]: \n    at internalConnectMultiple (node:net:1118:18)\n    at afterConnectMultiple (node:net:1685:7)","timestamp":"2025-11-29 17:01:54"}
{"code":"ECONNREFUSED","level":"error","message":"Redis Client Error","stack":"AggregateError [ECONNREFUSED]: \n    at internalConnectMultiple (node:net:1118:18)\n    at afterConnectMultiple (node:net:1685:7)","timestamp":"2025-11-29 17:01:56"}
{"code":"ECONNREFUSED","level":"error","message":"Redis Client Error","stack":"AggregateError [ECONNREFUSED]: \n    at internalConnectMultiple (node:net:1118:18)\n    at afterConnectMultiple (node:net:1685:7)","timestamp":"2025-11-29 17:01:58"}
{"code":"ECONNREFUSED","level":"error","message":"Redis Client Error","stack":"AggregateError [ECONNREFUSED]: \n    at internalConnectMultiple (node:net:1118:18)\n    at afterConnectMultiple (node:net:1685:7)","timestamp":"2025-11-29 17:02:01"}
{"code":"ECONNREFUSED","level":"error","message":"Redis Client Error","stack":"AggregateError [ECONNREFUSED]: \n    at internalConnectMultiple (node:net:1118:18)\n    at afterConnectMultiple (node:net:1685:7)","timestamp":"2025-11-29 17:02:03"}
{"code":"ECONNREFUSED","level":"error","message":"Redis Client Error","stack":"AggregateError [ECONNREFUSED]: \n    at internalConnectMultiple (node:net:1118:18)\n    at afterConnectMultiple (node:net:1685:7)","timestamp":"2025-11-29 17:02:05"}
{"code":"ECONNREFUSED","level":"error","message":"Redis Client Error","stack":"AggregateError [ECONNREFUSED]: \n    at internalConnectMultiple (node:net:1118:18)\n    at afterConnectMultiple (node:net:1685:7)","timestamp":"2025-11-29 17:02:07"}
{"level":"info","message":"Server started on port 8003","timestamp":"2025-11-29 17:02:30"}
{"code":"ECONNREFUSED","level":"error","message":"Redis Client Error","stack":"AggregateError [ECONNREFUSED]: \n    at internalConnectMultiple (node:net:1118:18)\n    at afterConnectMultiple (node:net:1685:7)","timestamp":"2025-11-29 17:02:30"}
{"code":"ECONNREFUSED","level":"error","message":"Redis Client Error","stack":"AggregateError [ECONNREFUSED]: \n    at internalConnectMultiple (node:net:1118:18)\n    at afterConnectMultiple (node:net:1685:7)","timestamp":"2025-11-29 17:02:30"}
{"code":"ECONNREFUSED","level":"error","message":"Redis Client Error","stack":"AggregateError [ECONNREFUSED]: \n    at internalConnectMultiple (node:net:1118:18)\n    at afterConnectMultiple (node:net:1685:7)","timestamp":"2025-11-29 17:02:30"}
{"level":"info","message":"Connected to MongoDB","timestamp":"2025-11-29 17:02:30"}
{"code":"ECONNREFUSED","level":"error","message":"Redis Client Error","stack":"AggregateError [ECONNREFUSED]: \n    at internalConnectMultiple (node:net:1118:18)\n    at afterConnectMultiple (node:net:1685:7)","timestamp":"2025-11-29 17:02:31"}
{"code":"ECONNREFUSED","level":"error","message":"Redis Client Error","stack":"AggregateError [ECONNREFUSED]: \n    at internalConnectMultiple (node:net:1118:18)\n    at afterConnectMultiple (node:net:1685:7)","timestamp":"2025-11-29 17:02:31"}
{"code":"ECONNREFUSED","level":"error","message":"Redis Client Error","stack":"AggregateError [ECONNREFUSED]: \n    at internalConnectMultiple (node:net:1118:18)\n    at afterConnectMultiple (node:net:1685:7)","timestamp":"2025-11-29 17:02:32"}
{"code":"ECONNREFUSED","level":"error","message":"Redis Client Error","stack":"AggregateError [ECONNREFUSED]: \n    at internalConnectMultiple (node:net:1118:18)\n    at afterConnectMultiple (node:net:1685:7)","timestamp":"2025-11-29 17:02:34"}
{"code":"ECONNREFUSED","level":"error","message":"Redis Client Error","stack":"AggregateError [ECONNREFUSED]: \n    at internalConnectMultiple (node:net:1118:18)\n    at afterConnectMultiple (node:net:1685:7)","timestamp":"2025-11-29 17:02:36"}
{"code":"ECONNREFUSED","level":"error","message":"Redis Client Error","stack":"AggregateError [ECONNREFUSED]: \n    at internalConnectMultiple (node:net:1118:18)\n    at afterConnectMultiple (node:net:1685:7)","timestamp":"2025-11-29 17:02:38"}
{"code":"ECONNREFUSED","level":"error","message":"Redis Client Error","stack":"AggregateError [ECONNREFUSED]: \n    at internalConnectMultiple (node:net:1118:18)\n    at afterConnectMultiple (node:net:1685:7)","timestamp":"2025-11-29 17:02:40"}
{"code":"ECONNREFUSED","level":"error","message":"Redis Client Error","stack":"AggregateError [ECONNREFUSED]: \n    at internalConnectMultiple (node:net:1118:18)\n    at afterConnectMultiple (node:net:1685:7)","timestamp":"2025-11-29 17:02:42"}
{"code":"ECONNREFUSED","level":"error","message":"Redis Client Error","stack":"AggregateError [ECONNREFUSED]: \n    at internalConnectMultiple (node:net:1118:18)\n    at afterConnectMultiple (node:net:1685:7)","timestamp":"2025-11-29 17:02:44"}
{"code":"ECONNREFUSED","level":"error","message":"Redis Client Error","stack":"AggregateError [ECONNREFUSED]: \n    at internalConnectMultiple (node:net:1118:18)\n    at afterConnectMultiple (node:net:1685:7)","timestamp":"2025-11-29 17:02:46"}
{"code":"ECONNREFUSED","level":"error","message":"Redis Client Error","stack":"AggregateError [ECONNREFUSED]: \n    at internalConnectMultiple (node:net:1118:18)\n    at afterConnectMultiple (node:net:1685:7)","timestamp":"2025-11-29 17:02:48"}
{"code":"ECONNREFUSED","level":"error","message":"Redis Client Error","stack":"AggregateError [ECONNREFUSED]: \n    at internalConnectMultiple (node:net:1118:18)\n    at afterConnectMultiple (node:net:1685:7)","timestamp":"2025-11-29 17:02:51"}
{"code":"ECONNREFUSED","level":"error","message":"Redis Client Error","stack":"AggregateError [ECONNREFUSED]: \n    at internalConnectMultiple (node:net:1118:18)\n    at afterConnectMultiple (node:net:1685:7)","timestamp":"2025-11-29 17:02:53"}
{"code":"ECONNREFUSED","level":"error","message":"Redis Client Error","stack":"AggregateError [ECONNREFUSED]: \n    at internalConnectMultiple (node:net:1118:18)\n    at afterConnectMultiple (node:net:1685:7)","timestamp":"2025-11-29 17:02:55"}
{"code":"ECONNREFUSED","level":"error","message":"Redis Client Error","stack":"AggregateError [ECONNREFUSED]: \n    at internalConnectMultiple (node:net:1118:18)\n    at afterConnectMultiple (node:net:1685:7)","timestamp":"2025-11-29 17:02:57"}
{"code":"ECONNREFUSED","level":"error","message":"Redis Client Error","stack":"AggregateError [ECONNREFUSED]: \n    at internalConnectMultiple (node:net:1118:18)\n    at afterConnectMultiple (node:net:1685:7)","timestamp":"2025-11-29 17:02:59"}
{"code":"ECONNREFUSED","level":"error","message":"Redis Client Error","stack":"AggregateError [ECONNREFUSED]: \n    at internalConnectMultiple (node:net:1118:18)\n    at afterConnectMultiple (node:net:1685:7)","timestamp":"2025-11-29 17:03:01"}
{"code":"ECONNREFUSED","level":"error","message":"Redis Client Error","stack":"AggregateError [ECONNREFUSED]: \n    at internalConnectMultiple (node:net:1118:18)\n    at afterConnectMultiple (node:net:1685:7)","timestamp":"2025-11-29 17:03:03"}
{"code":"ECONNREFUSED","level":"error","message":"Redis Client Error","stack":"AggregateError [ECONNREFUSED]: \n    at internalConnectMultiple (node:net:1118:18)\n    at afterConnectMultiple (node:net:1685:7)","timestamp":"2025-11-29 17:03:05"}
{"code":"ECONNREFUSED","level":"error","message":"Redis Client Error","stack":"AggregateError [ECONNREFUSED]: \n    at internalConnectMultiple (node:net:1118:18)\n    at afterConnectMultiple (node:net:1685:7)","timestamp":"2025-11-29 17:03:07"}
{"code":"ECONNREFUSED","level":"error","message":"Redis Client Error","stack":"AggregateError [ECONNREFUSED]: \n    at internalConnectMultiple (node:net:1118:18)\n    at afterConnectMultiple (node:net:1685:7)","timestamp":"2025-11-29 17:03:09"}
{"code":"ECONNREFUSED","level":"error","message":"Redis Client Error","stack":"AggregateError [ECONNREFUSED]: \n    at internalConnectMultiple (node:net:1118:18)\n    at afterConnectMultiple (node:net:1685:7)","timestamp":"2025-11-29 17:03:11"}
{"code":"ECONNREFUSED","level":"error","message":"Redis Client Error","stack":"AggregateError [ECONNREFUSED]: \n    at internalConnectMultiple (node:net:1118:18)\n    at afterConnectMultiple (node:net:1685:7)","timestamp":"2025-11-29 17:03:14"}
{"code":"ECONNREFUSED","level":"error","message":"Redis Client Error","stack":"AggregateError [ECONNREFUSED]: \n    at internalConnectMultiple (node:net:1118:18)\n    at afterConnectMultiple (node:net:1685:7)","timestamp":"2025-11-29 17:03:16"}
{"code":"ECONNREFUSED","level":"error","message":"Redis Client Error","stack":"AggregateError [ECONNREFUSED]: \n    at internalConnectMultiple (node:net:1118:18)\n    at afterConnectMultiple (node:net:1685:7)","timestamp":"2025-11-29 17:03:18"}
{"code":"ECONNREFUSED","level":"error","message":"Redis Client Error","stack":"AggregateError [ECONNREFUSED]: \n    at internalConnectMultiple (node:net:1118:18)\n    at afterConnectMultiple (node:net:1685:7)","timestamp":"2025-11-29 17:03:20"}
{"code":"ECONNREFUSED","level":"error","message":"Redis Client Error","stack":"AggregateError [ECONNREFUSED]: \n    at internalConnectMultiple (node:net:1118:18)\n    at afterConnectMultiple (node:net:1685:7)","timestamp":"2025-11-29 17:03:22"}
{"code":"ECONNREFUSED","level":"error","message":"Redis Client Error","stack":"AggregateError [ECONNREFUSED]: \n    at internalConnectMultiple (node:net:1118:18)\n    at afterConnectMultiple (node:net:1685:7)","timestamp":"2025-11-29 17:03:24"}
{"code":"ECONNREFUSED","level":"error","message":"Redis Client Error","stack":"AggregateError [ECONNREFUSED]: \n    at internalConnectMultiple (node:net:1118:18)\n    at afterConnectMultiple (node:net:1685:7)","timestamp":"2025-11-29 17:03:26"}
{"code":"ECONNREFUSED","level":"error","message":"Redis Client Error","stack":"AggregateError [ECONNREFUSED]: \n    at internalConnectMultiple (node:net:1118:18)\n    at afterConnectMultiple (node:net:1685:7)","timestamp":"2025-11-29 17:03:28"}
{"code":"ECONNREFUSED","level":"error","message":"Redis Client Error","stack":"AggregateError [ECONNREFUSED]: \n    at internalConnectMultiple (node:net:1118:18)\n    at afterConnectMultiple (node:net:1685:7)","timestamp":"2025-11-29 17:03:30"}
{"code":"ECONNREFUSED","level":"error","message":"Redis Client Error","stack":"AggregateError [ECONNREFUSED]: \n    at internalConnectMultiple (node:net:1118:18)\n    at afterConnectMultiple (node:net:1685:7)","timestamp":"2025-11-29 17:03:32"}
{"code":"ECONNREFUSED","level":"error","message":"Redis Client Error","stack":"AggregateError [ECONNREFUSED]: \n    at internalConnectMultiple (node:net:1118:18)\n    at afterConnectMultiple (node:net:1685:7)","timestamp":"2025-11-29 17:03:34"}
{"code":"ECONNREFUSED","level":"error","message":"Redis Client Error","stack":"AggregateError [ECONNREFUSED]: \n    at internalConnectMultiple (node:net:1118:18)\n    at afterConnectMultiple (node:net:1685:7)","timestamp":"2025-11-29 17:03:36"}
{"code":"ECONNREFUSED","level":"error","message":"Redis Client Error","stack":"AggregateError [ECONNREFUSED]: \n    at internalConnectMultiple (node:net:1118:18)\n    at afterConnectMultiple (node:net:1685:7)","timestamp":"2025-11-29 17:03:38"}
{"code":"ECONNREFUSED","level":"error","message":"Redis Client Error","stack":"AggregateError [ECONNREFUSED]: \n    at internalConnectMultiple (node:net:1118:18)\n    at afterConnectMultiple (node:net:1685:7)","timestamp":"2025-11-29 17:03:41"}
{"level":"info","message":"Server started on port 8003","timestamp":"2025-11-29 17:03:44"}
{"code":"ECONNREFUSED","level":"error","message":"Redis Client Error","stack":"AggregateError [ECONNREFUSED]: \n    at internalConnectMultiple (node:net:1118:18)\n    at afterConnectMultiple (node:net:1685:7)","timestamp":"2025-11-29 17:03:44"}
{"code":"ECONNREFUSED","level":"error","message":"Redis Client Error","stack":"AggregateError [ECONNREFUSED]: \n    at internalConnectMultiple (node:net:1118:18)\n    at afterConnectMultiple (node:net:1685:7)","timestamp":"2025-11-29 17:03:44"}
{"level":"info","message":"Connected to MongoDB","timestamp":"2025-11-29 17:03:44"}
{"code":"ECONNREFUSED","level":"error","message":"Redis Client Error","stack":"AggregateError [ECONNREFUSED]: \n    at internalConnectMultiple (node:net:1118:18)\n    at afterConnectMultiple (node:net:1685:7)","timestamp":"2025-11-29 17:03:45"}
{"code":"ECONNREFUSED","level":"error","message":"Redis Client Error","stack":"AggregateError [ECONNREFUSED]: \n    at internalConnectMultiple (node:net:1118:18)\n    at afterConnectMultiple (node:net:1685:7)","timestamp":"2025-11-29 17:03:45"}
{"code":"ECONNREFUSED","level":"error","message":"Redis Client Error","stack":"AggregateError [ECONNREFUSED]: \n    at internalConnectMultiple (node:net:1118:18)\n    at afterConnectMultiple (node:net:1685:7)","timestamp":"2025-11-29 17:03:45"}
{"code":"ECONNREFUSED","level":"error","message":"Redis Client Error","stack":"AggregateError [ECONNREFUSED]: \n    at internalConnectMultiple (node:net:1118:18)\n    at afterConnectMultiple (node:net:1685:7)","timestamp":"2025-11-29 17:03:46"}
{"code":"ECONNREFUSED","level":"error","message":"Redis Client Error","stack":"AggregateError [ECONNREFUSED]: \n    at internalConnectMultiple (node:net:1118:18)\n    at afterConnectMultiple (node:net:1685:7)","timestamp":"2025-11-29 17:03:48"}
{"code":"ECONNREFUSED","level":"error","message":"Redis Client Error","stack":"AggregateError [ECONNREFUSED]: \n    at internalConnectMultiple (node:net:1118:18)\n    at afterConnectMultiple (node:net:1685:7)","timestamp":"2025-11-29 17:03:50"}
{"code":"ECONNREFUSED","level":"error","message":"Redis Client Error","stack":"AggregateError [ECONNREFUSED]: \n    at internalConnectMultiple (node:net:1118:18)\n    at afterConnectMultiple (node:net:1685:7)","timestamp":"2025-11-29 17:03:52"}
{"code":"ECONNREFUSED","level":"error","message":"Redis Client Error","stack":"AggregateError [ECONNREFUSED]: \n    at internalConnectMultiple (node:net:1118:18)\n    at afterConnectMultiple (node:net:1685:7)","timestamp":"2025-11-29 17:03:54"}
{"code":"ECONNREFUSED","level":"error","message":"Redis Client Error","stack":"AggregateError [ECONNREFUSED]: \n    at internalConnectMultiple (node:net:1118:18)\n    at afterConnectMultiple (node:net:1685:7)","timestamp":"2025-11-29 17:03:56"}
{"code":"ECONNREFUSED","level":"error","message":"Redis Client Error","stack":"AggregateError [ECONNREFUSED]: \n    at internalConnectMultiple (node:net:1118:18)\n    at afterConnectMultiple (node:net:1685:7)","timestamp":"2025-11-29 17:03:59"}
{"code":"ECONNREFUSED","level":"error","message":"Redis Client Error","stack":"AggregateError [ECONNREFUSED]: \n    at internalConnectMultiple (node:net:1118:18)\n    at afterConnectMultiple (node:net:1685:7)","timestamp":"2025-11-29 17:04:01"}
{"code":"ECONNREFUSED","level":"error","message":"Redis Client Error","stack":"AggregateError [ECONNREFUSED]: \n    at internalConnectMultiple (node:net:1118:18)\n    at afterConnectMultiple (node:net:1685:7)","timestamp":"2025-11-29 17:04:03"}
{"code":"ECONNREFUSED","level":"error","message":"Redis Client Error","stack":"AggregateError [ECONNREFUSED]: \n    at internalConnectMultiple (node:net:1118:18)\n    at afterConnectMultiple (node:net:1685:7)","timestamp":"2025-11-29 17:04:05"}
{"code":"ECONNREFUSED","level":"error","message":"Redis Client Error","stack":"AggregateError [ECONNREFUSED]: \n    at internalConnectMultiple (node:net:1118:18)\n    at afterConnectMultiple (node:net:1685:7)","timestamp":"2025-11-29 17:04:07"}
{"code":"ECONNREFUSED","level":"error","message":"Redis Client Error","stack":"AggregateError [ECONNREFUSED]: \n    at internalConnectMultiple (node:net:1118:18)\n    at afterConnectMultiple (node:net:1685:7)","timestamp":"2025-11-29 17:04:09"}
{"code":"ECONNREFUSED","level":"error","message":"Redis Client Error","stack":"AggregateError [ECONNREFUSED]: \n    at internalConnectMultiple (node:net:1118:18)\n    at afterConnectMultiple (node:net:1685:7)","timestamp":"2025-11-29 17:04:11"}
{"code":"ECONNREFUSED","level":"error","message":"Redis Client Error","stack":"AggregateError [ECONNREFUSED]: \n    at internalConnectMultiple (node:net:1118:18)\n    at afterConnectMultiple (node:net:1685:7)","timestamp":"2025-11-29 17:04:13"}
{"code":"ECONNREFUSED","level":"error","message":"Redis Client Error","stack":"AggregateError [ECONNREFUSED]: \n    at internalConnectMultiple (node:net:1118:18)\n    at afterConnectMultiple (node:net:1685:7)","timestamp":"2025-11-29 17:04:16"}
{"code":"ECONNREFUSED","level":"error","message":"Redis Client Error","stack":"AggregateError [ECONNREFUSED]: \n    at internalConnectMultiple (node:net:1118:18)\n    at afterConnectMultiple (node:net:1685:7)","timestamp":"2025-11-29 17:04:18"}
{"code":"ECONNREFUSED","level":"error","message":"Redis Client Error","stack":"AggregateError [ECONNREFUSED]: \n    at internalConnectMultiple (node:net:1118:18)\n    at afterConnectMultiple (node:net:1685:7)","timestamp":"2025-11-29 17:04:20"}
{"code":"ECONNREFUSED","level":"error","message":"Redis Client Error","stack":"AggregateError [ECONNREFUSED]: \n    at internalConnectMultiple (node:net:1118:18)\n    at afterConnectMultiple (node:net:1685:7)","timestamp":"2025-11-29 17:04:22"}
{"code":"ECONNREFUSED","level":"error","message":"Redis Client Error","stack":"AggregateError [ECONNREFUSED]: \n    at internalConnectMultiple (node:net:1118:18)\n    at afterConnectMultiple (node:net:1685:7)","timestamp":"2025-11-29 17:04:24"}
{"code":"ECONNREFUSED","level":"error","message":"Redis Client Error","stack":"AggregateError [ECONNREFUSED]: \n    at internalConnectMultiple (node:net:1118:18)\n    at afterConnectMultiple (node:net:1685:7)","timestamp":"2025-11-29 17:04:26"}
{"code":"ECONNREFUSED","level":"error","message":"Redis Client Error","stack":"AggregateError [ECONNREFUSED]: \n    at internalConnectMultiple (node:net:1118:18)\n    at afterConnectMultiple (node:net:1685:7)","timestamp":"2025-11-29 17:04:28"}
{"code":"ECONNREFUSED","level":"error","message":"Redis Client Error","stack":"AggregateError [ECONNREFUSED]: \n    at internalConnectMultiple (node:net:1118:18)\n    at afterConnectMultiple (node:net:1685:7)","timestamp":"2025-11-29 17:04:30"}
{"code":"ECONNREFUSED","level":"error","message":"Redis Client Error","stack":"AggregateError [ECONNREFUSED]: \n    at internalConnectMultiple (node:net:1118:18)\n    at afterConnectMultiple (node:net:1685:7)","timestamp":"2025-11-29 17:04:32"}
{"code":"ECONNREFUSED","level":"error","message":"Redis Client Error","stack":"AggregateError [ECONNREFUSED]: \n    at internalConnectMultiple (node:net:1118:18)\n    at afterConnectMultiple (node:net:1685:7)","timestamp":"2025-11-29 17:04:34"}
{"code":"ECONNREFUSED","level":"error","message":"Redis Client Error","stack":"AggregateError [ECONNREFUSED]: \n    at internalConnectMultiple (node:net:1118:18)\n    at afterConnectMultiple (node:net:1685:7)","timestamp":"2025-11-29 17:04:37"}
{"code":"ECONNREFUSED","level":"error","message":"Redis Client Error","stack":"AggregateError [ECONNREFUSED]: \n    at internalConnectMultiple (node:net:1118:18)\n    at afterConnectMultiple (node:net:1685:7)","timestamp":"2025-11-29 17:04:39"}
{"code":"ECONNREFUSED","level":"error","message":"Redis Client Error","stack":"AggregateError [ECONNREFUSED]: \n    at internalConnectMultiple (node:net:1118:18)\n    at afterConnectMultiple (node:net:1685:7)","timestamp":"2025-11-29 17:04:41"}
{"code":"ECONNREFUSED","level":"error","message":"Redis Client Error","stack":"AggregateError [ECONNREFUSED]: \n    at internalConnectMultiple (node:net:1118:18)\n    at afterConnectMultiple (node:net:1685:7)","timestamp":"2025-11-29 17:04:43"}
{"code":"ECONNREFUSED","level":"error","message":"Redis Client Error","stack":"AggregateError [ECONNREFUSED]: \n    at internalConnectMultiple (node:net:1118:18)\n    at afterConnectMultiple (node:net:1685:7)","timestamp":"2025-11-29 17:04:45"}
{"level":"info","message":"Server started on port 8003","timestamp":"2025-11-29 17:04:50"}
{"level":"info","message":"Connected to MongoDB","timestamp":"2025-11-29 17:04:51"}
{"level":"info","message":"::ffff:10.33.29.38 - - [29/Nov/2025:11:40:15 +0000] \"GET /securecgi-bin/CSUserCGI.exe?ver HTTP/1.1\" 404 166 \"-\" \"Mozilla/4.0 (compatible; MSIE 8.0; Windows NT 5.1; Trident/4.0)\"","timestamp":"2025-11-29 17:10:15"}
{"level":"info","message":"::ffff:10.33.29.38 - - [29/Nov/2025:11:40:15 +0000] \"GET /securecgi-bin/CSUserCGI.exe?Init+0 HTTP/1.1\" 404 166 \"-\" \"Mozilla/4.0 (compatible; MSIE 8.0; Windows NT 5.1; Trident/4.0)\"","timestamp":"2025-11-29 17:10:15"}
{"level":"info","message":"::ffff:10.33.29.38 - - [29/Nov/2025:11:40:44 +0000] \"GET /self_upgrade.html HTTP/1.1\" 404 156 \"-\" \"Mozilla/4.0 (compatible; MSIE 8.0; Windows NT 5.1; Trident/4.0)\"","timestamp":"2025-11-29 17:10:44"}
{"level":"info","message":"::ffff:10.33.29.38 - - [29/Nov/2025:11:41:03 +0000] \"GET /login.html HTTP/1.1\" 404 149 \"-\" \"Mozilla/4.0 (compatible; MSIE 8.0; Windows NT 5.1; Trident/4.0)\"","timestamp":"2025-11-29 17:11:03"}
{"level":"info","message":"::ffff:10.33.29.38 - - [29/Nov/2025:11:41:03 +0000] \"GET /login?redirects=10 HTTP/1.1\" 404 144 \"-\" \"Mozilla/4.0 (compatible; MSIE 8.0; Windows NT 5.1; Trident/4.0)\"","timestamp":"2025-11-29 17:11:03"}
{"level":"info","message":"::ffff:10.33.29.38 - - [29/Nov/2025:11:41:10 +0000] \"GET /cgi-bin/kvm.cgi?&file=login HTTP/1.1\" 404 154 \"-\" \"Mozilla/4.0 (compatible; MSIE 8.0; Windows NT 5.1; Trident/4.0)\"","timestamp":"2025-11-29 17:11:10"}
{"level":"info","message":"::ffff:10.33.29.38 - - [29/Nov/2025:11:41:34 +0000] \"GET /snmx-cgi/fxm.exe HTTP/1.1\" 404 155 \"-\" \"Mozilla/4.0 (compatible; MSIE 8.0; Windows NT 5.1; Trident/4.0)\"","timestamp":"2025-11-29 17:11:34"}
{"level":"info","message":"::ffff:10.33.29.38 - - [29/Nov/2025:11:47:53 +0000] \"GET /servlet/admin?category=server&method=listAll&Authorization=Digest+username%3D%22admin%22%2C+response%3D%22ae9f86d6beaa3f9ecb9a5b7e072a4138%22%2C+nonce%3D%222b089ba7985a883ab2eddcd3539a6c94%22%2C+realm%3D%22adminRealm%22%2C+uri%3D%22%2Fservlet%2Fadmin%22&service= HTTP/1.0\" 404 152 \"-\" \"-\"","timestamp":"2025-11-29 17:17:53"}
{"level":"info","message":"::ffff:10.33.29.38 - - [29/Nov/2025:11:47:55 +0000] \"GET /qwe/qwe/index.html HTTP/1.1\" 404 157 \"-\" \"Mozilla/4.0 (compatible; MSIE 8.0; Windows NT 5.1; Trident/4.0)\"","timestamp":"2025-11-29 17:17:55"}
{"level":"info","message":"::ffff:10.33.29.38 - - [29/Nov/2025:11:50:57 +0000] \"GET /note.txt?F_notini=&T_note=&nomentreprise=blah&filenote=../../windows/win.ini HTTP/1.1\" 404 147 \"-\" \"Mozilla/4.0 (compatible; MSIE 8.0; Windows NT 5.1; Trident/4.0)\"","timestamp":"2025-11-29 17:20:57"}
{"level":"info","message":"::ffff:10.33.29.38 - - [29/Nov/2025:11:50:57 +0000] \"GET /note.txt?F_notini=&T_note=&nomentreprise=blah&filenote=../../winnt/win.ini HTTP/1.1\" 404 147 \"-\" \"Mozilla/4.0 (compatible; MSIE 8.0; Windows NT 5.1; Trident/4.0)\"","timestamp":"2025-11-29 17:20:57"}
{"level":"info","message":"::ffff:10.33.29.38 - - [29/Nov/2025:11:50:57 +0000] \"GET /SiteScope/cgi/go.exe/SiteScope?page=eventLog&machine=&logName=System&account=administrator HTTP/1.1\" 404 169 \"-\" \"Mozilla/4.0 (compatible; MSIE 8.0; Windows NT 5.1; Trident/4.0)\"","timestamp":"2025-11-29 17:20:57"}
{"level":"info","message":"::ffff:10.33.29.38 - - [29/Nov/2025:11:51:03 +0000] \"GET /..\\pixfir~1\\how_to_login.html HTTP/1.1\" 404 168 \"-\" \"Mozilla/4.0 (compatible; MSIE 8.0; Windows NT 5.1; Trident/4.0)\"","timestamp":"2025-11-29 17:21:03"}
{"level":"info","message":"Server started on port 8003","timestamp":"2025-11-29 17:26:52"}
{"level":"info","message":"Connected to MongoDB","timestamp":"2025-11-29 17:26:52"}
{"level":"info","message":"Server started on port 8003","timestamp":"2025-11-29 17:37:17"}
{"level":"info","message":"Connected to MongoDB","timestamp":"2025-11-29 17:37:17"}
{"level":"info","message":"Server started on port 8003","timestamp":"2025-11-29 17:42:02"}
{"level":"info","message":"Connected to MongoDB","timestamp":"2025-11-29 17:42:03"}
{"level":"info","message":"Server started on port 8003","timestamp":"2025-11-29 17:54:57"}
{"level":"info","message":"Connected to MongoDB","timestamp":"2025-11-29 17:54:58"}
{"level":"info","message":"Server started on port 8003","timestamp":"2025-11-29 18:24:07"}
{"level":"info","message":"Connected to Redis","timestamp":"2025-11-29 18:24:07"}
{"level":"info","message":"Connected to MongoDB","timestamp":"2025-11-29 18:24:08"}
{"level":"info","message":"Server started on port 8003","timestamp":"2025-11-29 18:30:57"}
{"level":"info","message":"Connected to Redis","timestamp":"2025-11-29 18:30:57"}
{"level":"info","message":"Connected to MongoDB","timestamp":"2025-11-29 18:30:57"}
