{"level":"info","message":"Server started on port 8000","timestamp":"2025-11-29 14:27:48"}
{"level":"info","message":"gRPC Server running on port 50051","timestamp":"2025-11-29 14:27:48"}
{"level":"info","message":"Connected to Redis","timestamp":"2025-11-29 14:27:48"}
{"level":"info","message":"Connected to MongoDB","timestamp":"2025-11-29 14:27:49"}
{"level":"info","message":"::1 - - [29/Nov/2025:08:57:57 +0000] \"POST /offerzone/products/ HTTP/1.1\" 401 43 \"-\" \"axios/1.13.2\"","timestamp":"2025-11-29 14:27:57"}
{"body":{"area":"Test Area","brand":"Test Brand","category":"Electronics","city":"Test City","description":"Testing Redis Cache","name":"Cache Test Product","price":500},"level":"info","message":"Creating new product","timestamp":"2025-11-29 14:27:57","user":"692ab595d550c034e0e68f07"}
{"level":"info","message":"Product created successfully","productId":"692ab595a8bb351eccc452fd","timestamp":"2025-11-29 14:27:57"}
{"level":"info","message":"::1 - - [29/Nov/2025:08:57:57 +0000] \"POST /offerzone/products/ HTTP/1.1\" 201 373 \"-\" \"axios/1.13.2\"","timestamp":"2025-11-29 14:27:57"}
{"level":"info","message":"Fetching all products","query":{},"timestamp":"2025-11-29 14:27:57"}
{"filters":{},"level":"info","message":"Applied product filters","timestamp":"2025-11-29 14:27:57"}
{"level":"info","message":"Products fetched successfully","returned":10,"timestamp":"2025-11-29 14:27:57","total":16}
{"level":"info","message":"::1 - - [29/Nov/2025:08:57:57 +0000] \"GET /offerzone/products/ HTTP/1.1\" 200 3164 \"-\" \"axios/1.13.2\"","timestamp":"2025-11-29 14:27:57"}
{"level":"info","message":"Fetching all products","query":{},"timestamp":"2025-11-29 14:27:57"}
{"filters":{},"level":"info","message":"Applied product filters","timestamp":"2025-11-29 14:27:57"}
{"level":"info","message":"Products fetched successfully","returned":10,"timestamp":"2025-11-29 14:27:57","total":16}
{"level":"info","message":"::1 - - [29/Nov/2025:08:57:57 +0000] \"GET /offerzone/products/ HTTP/1.1\" 200 3164 \"-\" \"axios/1.13.2\"","timestamp":"2025-11-29 14:27:57"}
{"body":{"area":"Test Area","brand":"Test Brand","category":"Electronics","city":"Test City","description":"Testing Redis Cache Invalidation","name":"Cache Test Product 2","price":600},"level":"info","message":"Creating new product","timestamp":"2025-11-29 14:27:57","user":"692ab595d550c034e0e68f07"}
{"level":"info","message":"Product created successfully","productId":"692ab595a8bb351eccc45303","timestamp":"2025-11-29 14:27:57"}
{"level":"info","message":"::1 - - [29/Nov/2025:08:57:57 +0000] \"POST /offerzone/products/ HTTP/1.1\" 201 388 \"-\" \"axios/1.13.2\"","timestamp":"2025-11-29 14:27:57"}
{"level":"info","message":"Fetching all products","query":{},"timestamp":"2025-11-29 14:27:57"}
{"filters":{},"level":"info","message":"Applied product filters","timestamp":"2025-11-29 14:27:57"}
{"level":"info","message":"Products fetched successfully","returned":10,"timestamp":"2025-11-29 14:27:57","total":17}
{"level":"info","message":"::1 - - [29/Nov/2025:08:57:57 +0000] \"GET /offerzone/products/ HTTP/1.1\" 200 3185 \"-\" \"axios/1.13.2\"","timestamp":"2025-11-29 14:27:57"}
{"level":"info","message":"Server started on port 8000","timestamp":"2025-11-29 14:31:30"}
{"error":"No address added out of total 1 resolved errors: [listen EADDRINUSE: address already in use 0.0.0.0:50051]","level":"error","message":"gRPC Server bind error","timestamp":"2025-11-29 14:31:30"}
{"level":"info","message":"Connected to Redis","timestamp":"2025-11-29 14:31:30"}
{"level":"info","message":"Connected to MongoDB","timestamp":"2025-11-29 14:31:30"}
{"level":"info","message":"Server started on port 8000","timestamp":"2025-11-29 14:36:36"}
{"level":"info","message":"gRPC Server running on port 50051","timestamp":"2025-11-29 14:36:36"}
{"level":"info","message":"Connected to Redis","timestamp":"2025-11-29 14:36:36"}
{"level":"info","message":"Connected to MongoDB","timestamp":"2025-11-29 14:36:36"}
{"level":"info","message":"Server started on port 8000","timestamp":"2025-11-29 15:05:57"}
{"level":"info","message":"gRPC Server running on port 50051","timestamp":"2025-11-29 15:05:57"}
{"level":"info","message":"Connected to MongoDB","timestamp":"2025-11-29 15:05:57"}
{"level":"info","message":"Server started on port 8000","timestamp":"2025-11-29 15:10:08"}
{"level":"info","message":"gRPC Server running on port 50051","timestamp":"2025-11-29 15:10:08"}
{"level":"info","message":"Connected to Redis","timestamp":"2025-11-29 15:10:08"}
{"level":"info","message":"Connected to MongoDB","timestamp":"2025-11-29 15:10:08"}
{"level":"info","message":"Server started on port 8000","timestamp":"2025-11-29 15:11:09"}
{"level":"info","message":"gRPC Server running on port 50051","timestamp":"2025-11-29 15:11:09"}
{"level":"info","message":"Connected to Redis","timestamp":"2025-11-29 15:11:09"}
{"level":"info","message":"Connected to MongoDB","timestamp":"2025-11-29 15:11:09"}
{"level":"info","message":"Server started on port 8000","timestamp":"2025-11-29 15:41:20"}
{"level":"info","message":"gRPC Server running on port 50051","timestamp":"2025-11-29 15:41:20"}
{"level":"info","message":"Connected to Redis","timestamp":"2025-11-29 15:41:20"}
{"level":"info","message":"Connected to MongoDB","timestamp":"2025-11-29 15:41:21"}
{"level":"info","message":"Server started on port 8000","timestamp":"2025-11-29 15:43:53"}
{"level":"info","message":"gRPC Server running on port 50051","timestamp":"2025-11-29 15:43:53"}
{"level":"info","message":"Connected to Redis","timestamp":"2025-11-29 15:43:53"}
{"level":"info","message":"Connected to MongoDB","timestamp":"2025-11-29 15:43:54"}
{"level":"info","message":"Server started on port 8000","timestamp":"2025-11-29 17:00:49"}
{"level":"info","message":"gRPC Server running on port 50051","timestamp":"2025-11-29 17:00:49"}
{"code":"ECONNREFUSED","level":"error","message":"Redis Client Error","stack":"AggregateError [ECONNREFUSED]: \n    at internalConnectMultiple (node:net:1118:18)\n    at afterConnectMultiple (node:net:1685:7)","timestamp":"2025-11-29 17:00:49"}
{"code":"ECONNREFUSED","level":"error","message":"Redis Client Error","stack":"AggregateError [ECONNREFUSED]: \n    at internalConnectMultiple (node:net:1118:18)\n    at afterConnectMultiple (node:net:1685:7)","timestamp":"2025-11-29 17:00:49"}
{"level":"info","message":"Connected to MongoDB","timestamp":"2025-11-29 17:00:50"}
{"code":"ECONNREFUSED","level":"error","message":"Redis Client Error","stack":"AggregateError [ECONNREFUSED]: \n    at internalConnectMultiple (node:net:1118:18)\n    at afterConnectMultiple (node:net:1685:7)","timestamp":"2025-11-29 17:00:50"}
{"code":"ECONNREFUSED","level":"error","message":"Redis Client Error","stack":"AggregateError [ECONNREFUSED]: \n    at internalConnectMultiple (node:net:1118:18)\n    at afterConnectMultiple (node:net:1685:7)","timestamp":"2025-11-29 17:00:50"}
{"code":"ECONNREFUSED","level":"error","message":"Redis Client Error","stack":"AggregateError [ECONNREFUSED]: \n    at internalConnectMultiple (node:net:1118:18)\n    at afterConnectMultiple (node:net:1685:7)","timestamp":"2025-11-29 17:00:50"}
{"code":"ECONNREFUSED","level":"error","message":"Redis Client Error","stack":"AggregateError [ECONNREFUSED]: \n    at internalConnectMultiple (node:net:1118:18)\n    at afterConnectMultiple (node:net:1685:7)","timestamp":"2025-11-29 17:00:51"}
{"code":"ECONNREFUSED","level":"error","message":"Redis Client Error","stack":"AggregateError [ECONNREFUSED]: \n    at internalConnectMultiple (node:net:1118:18)\n    at afterConnectMultiple (node:net:1685:7)","timestamp":"2025-11-29 17:00:53"}
{"code":"ECONNREFUSED","level":"error","message":"Redis Client Error","stack":"AggregateError [ECONNREFUSED]: \n    at internalConnectMultiple (node:net:1118:18)\n    at afterConnectMultiple (node:net:1685:7)","timestamp":"2025-11-29 17:00:55"}
{"code":"ECONNREFUSED","level":"error","message":"Redis Client Error","stack":"AggregateError [ECONNREFUSED]: \n    at internalConnectMultiple (node:net:1118:18)\n    at afterConnectMultiple (node:net:1685:7)","timestamp":"2025-11-29 17:00:57"}
{"code":"ECONNREFUSED","level":"error","message":"Redis Client Error","stack":"AggregateError [ECONNREFUSED]: \n    at internalConnectMultiple (node:net:1118:18)\n    at afterConnectMultiple (node:net:1685:7)","timestamp":"2025-11-29 17:00:59"}
{"code":"ECONNREFUSED","level":"error","message":"Redis Client Error","stack":"AggregateError [ECONNREFUSED]: \n    at internalConnectMultiple (node:net:1118:18)\n    at afterConnectMultiple (node:net:1685:7)","timestamp":"2025-11-29 17:01:01"}
{"code":"ECONNREFUSED","level":"error","message":"Redis Client Error","stack":"AggregateError [ECONNREFUSED]: \n    at internalConnectMultiple (node:net:1118:18)\n    at afterConnectMultiple (node:net:1685:7)","timestamp":"2025-11-29 17:01:04"}
{"code":"ECONNREFUSED","level":"error","message":"Redis Client Error","stack":"AggregateError [ECONNREFUSED]: \n    at internalConnectMultiple (node:net:1118:18)\n    at afterConnectMultiple (node:net:1685:7)","timestamp":"2025-11-29 17:01:06"}
{"code":"ECONNREFUSED","level":"error","message":"Redis Client Error","stack":"AggregateError [ECONNREFUSED]: \n    at internalConnectMultiple (node:net:1118:18)\n    at afterConnectMultiple (node:net:1685:7)","timestamp":"2025-11-29 17:01:08"}
{"code":"ECONNREFUSED","level":"error","message":"Redis Client Error","stack":"AggregateError [ECONNREFUSED]: \n    at internalConnectMultiple (node:net:1118:18)\n    at afterConnectMultiple (node:net:1685:7)","timestamp":"2025-11-29 17:01:10"}
{"code":"ECONNREFUSED","level":"error","message":"Redis Client Error","stack":"AggregateError [ECONNREFUSED]: \n    at internalConnectMultiple (node:net:1118:18)\n    at afterConnectMultiple (node:net:1685:7)","timestamp":"2025-11-29 17:01:12"}
{"code":"ECONNREFUSED","level":"error","message":"Redis Client Error","stack":"AggregateError [ECONNREFUSED]: \n    at internalConnectMultiple (node:net:1118:18)\n    at afterConnectMultiple (node:net:1685:7)","timestamp":"2025-11-29 17:01:14"}
{"code":"ECONNREFUSED","level":"error","message":"Redis Client Error","stack":"AggregateError [ECONNREFUSED]: \n    at internalConnectMultiple (node:net:1118:18)\n    at afterConnectMultiple (node:net:1685:7)","timestamp":"2025-11-29 17:01:16"}
{"code":"ECONNREFUSED","level":"error","message":"Redis Client Error","stack":"AggregateError [ECONNREFUSED]: \n    at internalConnectMultiple (node:net:1118:18)\n    at afterConnectMultiple (node:net:1685:7)","timestamp":"2025-11-29 17:01:18"}
{"code":"ECONNREFUSED","level":"error","message":"Redis Client Error","stack":"AggregateError [ECONNREFUSED]: \n    at internalConnectMultiple (node:net:1118:18)\n    at afterConnectMultiple (node:net:1685:7)","timestamp":"2025-11-29 17:01:20"}
{"code":"ECONNREFUSED","level":"error","message":"Redis Client Error","stack":"AggregateError [ECONNREFUSED]: \n    at internalConnectMultiple (node:net:1118:18)\n    at afterConnectMultiple (node:net:1685:7)","timestamp":"2025-11-29 17:01:22"}
{"code":"ECONNREFUSED","level":"error","message":"Redis Client Error","stack":"AggregateError [ECONNREFUSED]: \n    at internalConnectMultiple (node:net:1118:18)\n    at afterConnectMultiple (node:net:1685:7)","timestamp":"2025-11-29 17:01:24"}
{"code":"ECONNREFUSED","level":"error","message":"Redis Client Error","stack":"AggregateError [ECONNREFUSED]: \n    at internalConnectMultiple (node:net:1118:18)\n    at afterConnectMultiple (node:net:1685:7)","timestamp":"2025-11-29 17:01:27"}
{"code":"ECONNREFUSED","level":"error","message":"Redis Client Error","stack":"AggregateError [ECONNREFUSED]: \n    at internalConnectMultiple (node:net:1118:18)\n    at afterConnectMultiple (node:net:1685:7)","timestamp":"2025-11-29 17:01:29"}
{"code":"ECONNREFUSED","level":"error","message":"Redis Client Error","stack":"AggregateError [ECONNREFUSED]: \n    at internalConnectMultiple (node:net:1118:18)\n    at afterConnectMultiple (node:net:1685:7)","timestamp":"2025-11-29 17:01:31"}
{"code":"ECONNREFUSED","level":"error","message":"Redis Client Error","stack":"AggregateError [ECONNREFUSED]: \n    at internalConnectMultiple (node:net:1118:18)\n    at afterConnectMultiple (node:net:1685:7)","timestamp":"2025-11-29 17:01:33"}
{"code":"ECONNREFUSED","level":"error","message":"Redis Client Error","stack":"AggregateError [ECONNREFUSED]: \n    at internalConnectMultiple (node:net:1118:18)\n    at afterConnectMultiple (node:net:1685:7)","timestamp":"2025-11-29 17:01:35"}
{"code":"ECONNREFUSED","level":"error","message":"Redis Client Error","stack":"AggregateError [ECONNREFUSED]: \n    at internalConnectMultiple (node:net:1118:18)\n    at afterConnectMultiple (node:net:1685:7)","timestamp":"2025-11-29 17:01:37"}
{"code":"ECONNREFUSED","level":"error","message":"Redis Client Error","stack":"AggregateError [ECONNREFUSED]: \n    at internalConnectMultiple (node:net:1118:18)\n    at afterConnectMultiple (node:net:1685:7)","timestamp":"2025-11-29 17:01:39"}
{"code":"ECONNREFUSED","level":"error","message":"Redis Client Error","stack":"AggregateError [ECONNREFUSED]: \n    at internalConnectMultiple (node:net:1118:18)\n    at afterConnectMultiple (node:net:1685:7)","timestamp":"2025-11-29 17:01:41"}
{"code":"ECONNREFUSED","level":"error","message":"Redis Client Error","stack":"AggregateError [ECONNREFUSED]: \n    at internalConnectMultiple (node:net:1118:18)\n    at afterConnectMultiple (node:net:1685:7)","timestamp":"2025-11-29 17:01:43"}
{"code":"ECONNREFUSED","level":"error","message":"Redis Client Error","stack":"AggregateError [ECONNREFUSED]: \n    at internalConnectMultiple (node:net:1118:18)\n    at afterConnectMultiple (node:net:1685:7)","timestamp":"2025-11-29 17:01:45"}
{"code":"ECONNREFUSED","level":"error","message":"Redis Client Error","stack":"AggregateError [ECONNREFUSED]: \n    at internalConnectMultiple (node:net:1118:18)\n    at afterConnectMultiple (node:net:1685:7)","timestamp":"2025-11-29 17:01:47"}
{"code":"ECONNREFUSED","level":"error","message":"Redis Client Error","stack":"AggregateError [ECONNREFUSED]: \n    at internalConnectMultiple (node:net:1118:18)\n    at afterConnectMultiple (node:net:1685:7)","timestamp":"2025-11-29 17:01:50"}
{"code":"ECONNREFUSED","level":"error","message":"Redis Client Error","stack":"AggregateError [ECONNREFUSED]: \n    at internalConnectMultiple (node:net:1118:18)\n    at afterConnectMultiple (node:net:1685:7)","timestamp":"2025-11-29 17:01:52"}
{"code":"ECONNREFUSED","level":"error","message":"Redis Client Error","stack":"AggregateError [ECONNREFUSED]: \n    at internalConnectMultiple (node:net:1118:18)\n    at afterConnectMultiple (node:net:1685:7)","timestamp":"2025-11-29 17:01:54"}
{"code":"ECONNREFUSED","level":"error","message":"Redis Client Error","stack":"AggregateError [ECONNREFUSED]: \n    at internalConnectMultiple (node:net:1118:18)\n    at afterConnectMultiple (node:net:1685:7)","timestamp":"2025-11-29 17:01:56"}
{"code":"ECONNREFUSED","level":"error","message":"Redis Client Error","stack":"AggregateError [ECONNREFUSED]: \n    at internalConnectMultiple (node:net:1118:18)\n    at afterConnectMultiple (node:net:1685:7)","timestamp":"2025-11-29 17:01:58"}
{"code":"ECONNREFUSED","level":"error","message":"Redis Client Error","stack":"AggregateError [ECONNREFUSED]: \n    at internalConnectMultiple (node:net:1118:18)\n    at afterConnectMultiple (node:net:1685:7)","timestamp":"2025-11-29 17:02:00"}
{"code":"ECONNREFUSED","level":"error","message":"Redis Client Error","stack":"AggregateError [ECONNREFUSED]: \n    at internalConnectMultiple (node:net:1118:18)\n    at afterConnectMultiple (node:net:1685:7)","timestamp":"2025-11-29 17:02:02"}
{"code":"ECONNREFUSED","level":"error","message":"Redis Client Error","stack":"AggregateError [ECONNREFUSED]: \n    at internalConnectMultiple (node:net:1118:18)\n    at afterConnectMultiple (node:net:1685:7)","timestamp":"2025-11-29 17:02:04"}
{"code":"ECONNREFUSED","level":"error","message":"Redis Client Error","stack":"AggregateError [ECONNREFUSED]: \n    at internalConnectMultiple (node:net:1118:18)\n    at afterConnectMultiple (node:net:1685:7)","timestamp":"2025-11-29 17:02:06"}
{"level":"info","message":"Server started on port 8000","timestamp":"2025-11-29 17:02:30"}
{"level":"info","message":"gRPC Server running on port 50051","timestamp":"2025-11-29 17:02:30"}
{"code":"ECONNREFUSED","level":"error","message":"Redis Client Error","stack":"AggregateError [ECONNREFUSED]: \n    at internalConnectMultiple (node:net:1118:18)\n    at afterConnectMultiple (node:net:1685:7)","timestamp":"2025-11-29 17:02:30"}
{"code":"ECONNREFUSED","level":"error","message":"Redis Client Error","stack":"AggregateError [ECONNREFUSED]: \n    at internalConnectMultiple (node:net:1118:18)\n    at afterConnectMultiple (node:net:1685:7)","timestamp":"2025-11-29 17:02:30"}
{"code":"ECONNREFUSED","level":"error","message":"Redis Client Error","stack":"AggregateError [ECONNREFUSED]: \n    at internalConnectMultiple (node:net:1118:18)\n    at afterConnectMultiple (node:net:1685:7)","timestamp":"2025-11-29 17:02:30"}
{"level":"info","message":"Connected to MongoDB","timestamp":"2025-11-29 17:02:30"}
{"code":"ECONNREFUSED","level":"error","message":"Redis Client Error","stack":"AggregateError [ECONNREFUSED]: \n    at internalConnectMultiple (node:net:1118:18)\n    at afterConnectMultiple (node:net:1685:7)","timestamp":"2025-11-29 17:02:31"}
{"code":"ECONNREFUSED","level":"error","message":"Redis Client Error","stack":"AggregateError [ECONNREFUSED]: \n    at internalConnectMultiple (node:net:1118:18)\n    at afterConnectMultiple (node:net:1685:7)","timestamp":"2025-11-29 17:02:31"}
{"code":"ECONNREFUSED","level":"error","message":"Redis Client Error","stack":"AggregateError [ECONNREFUSED]: \n    at internalConnectMultiple (node:net:1118:18)\n    at afterConnectMultiple (node:net:1685:7)","timestamp":"2025-11-29 17:02:32"}
{"code":"ECONNREFUSED","level":"error","message":"Redis Client Error","stack":"AggregateError [ECONNREFUSED]: \n    at internalConnectMultiple (node:net:1118:18)\n    at afterConnectMultiple (node:net:1685:7)","timestamp":"2025-11-29 17:02:34"}
{"code":"ECONNREFUSED","level":"error","message":"Redis Client Error","stack":"AggregateError [ECONNREFUSED]: \n    at internalConnectMultiple (node:net:1118:18)\n    at afterConnectMultiple (node:net:1685:7)","timestamp":"2025-11-29 17:02:36"}
{"code":"ECONNREFUSED","level":"error","message":"Redis Client Error","stack":"AggregateError [ECONNREFUSED]: \n    at internalConnectMultiple (node:net:1118:18)\n    at afterConnectMultiple (node:net:1685:7)","timestamp":"2025-11-29 17:02:38"}
{"code":"ECONNREFUSED","level":"error","message":"Redis Client Error","stack":"AggregateError [ECONNREFUSED]: \n    at internalConnectMultiple (node:net:1118:18)\n    at afterConnectMultiple (node:net:1685:7)","timestamp":"2025-11-29 17:02:40"}
{"code":"ECONNREFUSED","level":"error","message":"Redis Client Error","stack":"AggregateError [ECONNREFUSED]: \n    at internalConnectMultiple (node:net:1118:18)\n    at afterConnectMultiple (node:net:1685:7)","timestamp":"2025-11-29 17:02:42"}
{"code":"ECONNREFUSED","level":"error","message":"Redis Client Error","stack":"AggregateError [ECONNREFUSED]: \n    at internalConnectMultiple (node:net:1118:18)\n    at afterConnectMultiple (node:net:1685:7)","timestamp":"2025-11-29 17:02:44"}
{"code":"ECONNREFUSED","level":"error","message":"Redis Client Error","stack":"AggregateError [ECONNREFUSED]: \n    at internalConnectMultiple (node:net:1118:18)\n    at afterConnectMultiple (node:net:1685:7)","timestamp":"2025-11-29 17:02:46"}
{"code":"ECONNREFUSED","level":"error","message":"Redis Client Error","stack":"AggregateError [ECONNREFUSED]: \n    at internalConnectMultiple (node:net:1118:18)\n    at afterConnectMultiple (node:net:1685:7)","timestamp":"2025-11-29 17:02:49"}
{"code":"ECONNREFUSED","level":"error","message":"Redis Client Error","stack":"AggregateError [ECONNREFUSED]: \n    at internalConnectMultiple (node:net:1118:18)\n    at afterConnectMultiple (node:net:1685:7)","timestamp":"2025-11-29 17:02:51"}
{"code":"ECONNREFUSED","level":"error","message":"Redis Client Error","stack":"AggregateError [ECONNREFUSED]: \n    at internalConnectMultiple (node:net:1118:18)\n    at afterConnectMultiple (node:net:1685:7)","timestamp":"2025-11-29 17:02:53"}
{"code":"ECONNREFUSED","level":"error","message":"Redis Client Error","stack":"AggregateError [ECONNREFUSED]: \n    at internalConnectMultiple (node:net:1118:18)\n    at afterConnectMultiple (node:net:1685:7)","timestamp":"2025-11-29 17:02:55"}
{"code":"ECONNREFUSED","level":"error","message":"Redis Client Error","stack":"AggregateError [ECONNREFUSED]: \n    at internalConnectMultiple (node:net:1118:18)\n    at afterConnectMultiple (node:net:1685:7)","timestamp":"2025-11-29 17:02:57"}
{"code":"ECONNREFUSED","level":"error","message":"Redis Client Error","stack":"AggregateError [ECONNREFUSED]: \n    at internalConnectMultiple (node:net:1118:18)\n    at afterConnectMultiple (node:net:1685:7)","timestamp":"2025-11-29 17:02:59"}
{"code":"ECONNREFUSED","level":"error","message":"Redis Client Error","stack":"AggregateError [ECONNREFUSED]: \n    at internalConnectMultiple (node:net:1118:18)\n    at afterConnectMultiple (node:net:1685:7)","timestamp":"2025-11-29 17:03:01"}
{"code":"ECONNREFUSED","level":"error","message":"Redis Client Error","stack":"AggregateError [ECONNREFUSED]: \n    at internalConnectMultiple (node:net:1118:18)\n    at afterConnectMultiple (node:net:1685:7)","timestamp":"2025-11-29 17:03:03"}
{"code":"ECONNREFUSED","level":"error","message":"Redis Client Error","stack":"AggregateError [ECONNREFUSED]: \n    at internalConnectMultiple (node:net:1118:18)\n    at afterConnectMultiple (node:net:1685:7)","timestamp":"2025-11-29 17:03:06"}
{"code":"ECONNREFUSED","level":"error","message":"Redis Client Error","stack":"AggregateError [ECONNREFUSED]: \n    at internalConnectMultiple (node:net:1118:18)\n    at afterConnectMultiple (node:net:1685:7)","timestamp":"2025-11-29 17:03:08"}
{"code":"ECONNREFUSED","level":"error","message":"Redis Client Error","stack":"AggregateError [ECONNREFUSED]: \n    at internalConnectMultiple (node:net:1118:18)\n    at afterConnectMultiple (node:net:1685:7)","timestamp":"2025-11-29 17:03:10"}
{"code":"ECONNREFUSED","level":"error","message":"Redis Client Error","stack":"AggregateError [ECONNREFUSED]: \n    at internalConnectMultiple (node:net:1118:18)\n    at afterConnectMultiple (node:net:1685:7)","timestamp":"2025-11-29 17:03:12"}
{"code":"ECONNREFUSED","level":"error","message":"Redis Client Error","stack":"AggregateError [ECONNREFUSED]: \n    at internalConnectMultiple (node:net:1118:18)\n    at afterConnectMultiple (node:net:1685:7)","timestamp":"2025-11-29 17:03:14"}
{"code":"ECONNREFUSED","level":"error","message":"Redis Client Error","stack":"AggregateError [ECONNREFUSED]: \n    at internalConnectMultiple (node:net:1118:18)\n    at afterConnectMultiple (node:net:1685:7)","timestamp":"2025-11-29 17:03:16"}
{"code":"ECONNREFUSED","level":"error","message":"Redis Client Error","stack":"AggregateError [ECONNREFUSED]: \n    at internalConnectMultiple (node:net:1118:18)\n    at afterConnectMultiple (node:net:1685:7)","timestamp":"2025-11-29 17:03:18"}
{"code":"ECONNREFUSED","level":"error","message":"Redis Client Error","stack":"AggregateError [ECONNREFUSED]: \n    at internalConnectMultiple (node:net:1118:18)\n    at afterConnectMultiple (node:net:1685:7)","timestamp":"2025-11-29 17:03:20"}
{"code":"ECONNREFUSED","level":"error","message":"Redis Client Error","stack":"AggregateError [ECONNREFUSED]: \n    at internalConnectMultiple (node:net:1118:18)\n    at afterConnectMultiple (node:net:1685:7)","timestamp":"2025-11-29 17:03:22"}
{"code":"ECONNREFUSED","level":"error","message":"Redis Client Error","stack":"AggregateError [ECONNREFUSED]: \n    at internalConnectMultiple (node:net:1118:18)\n    at afterConnectMultiple (node:net:1685:7)","timestamp":"2025-11-29 17:03:24"}
{"code":"ECONNREFUSED","level":"error","message":"Redis Client Error","stack":"AggregateError [ECONNREFUSED]: \n    at internalConnectMultiple (node:net:1118:18)\n    at afterConnectMultiple (node:net:1685:7)","timestamp":"2025-11-29 17:03:26"}
{"code":"ECONNREFUSED","level":"error","message":"Redis Client Error","stack":"AggregateError [ECONNREFUSED]: \n    at internalConnectMultiple (node:net:1118:18)\n    at afterConnectMultiple (node:net:1685:7)","timestamp":"2025-11-29 17:03:28"}
{"code":"ECONNREFUSED","level":"error","message":"Redis Client Error","stack":"AggregateError [ECONNREFUSED]: \n    at internalConnectMultiple (node:net:1118:18)\n    at afterConnectMultiple (node:net:1685:7)","timestamp":"2025-11-29 17:03:30"}
{"code":"ECONNREFUSED","level":"error","message":"Redis Client Error","stack":"AggregateError [ECONNREFUSED]: \n    at internalConnectMultiple (node:net:1118:18)\n    at afterConnectMultiple (node:net:1685:7)","timestamp":"2025-11-29 17:03:32"}
{"code":"ECONNREFUSED","level":"error","message":"Redis Client Error","stack":"AggregateError [ECONNREFUSED]: \n    at internalConnectMultiple (node:net:1118:18)\n    at afterConnectMultiple (node:net:1685:7)","timestamp":"2025-11-29 17:03:35"}
{"code":"ECONNREFUSED","level":"error","message":"Redis Client Error","stack":"AggregateError [ECONNREFUSED]: \n    at internalConnectMultiple (node:net:1118:18)\n    at afterConnectMultiple (node:net:1685:7)","timestamp":"2025-11-29 17:03:37"}
{"code":"ECONNREFUSED","level":"error","message":"Redis Client Error","stack":"AggregateError [ECONNREFUSED]: \n    at internalConnectMultiple (node:net:1118:18)\n    at afterConnectMultiple (node:net:1685:7)","timestamp":"2025-11-29 17:03:39"}
{"code":"ECONNREFUSED","level":"error","message":"Redis Client Error","stack":"AggregateError [ECONNREFUSED]: \n    at internalConnectMultiple (node:net:1118:18)\n    at afterConnectMultiple (node:net:1685:7)","timestamp":"2025-11-29 17:03:41"}
{"level":"info","message":"Server started on port 8000","timestamp":"2025-11-29 17:03:44"}
{"level":"info","message":"gRPC Server running on port 50051","timestamp":"2025-11-29 17:03:44"}
{"code":"ECONNREFUSED","level":"error","message":"Redis Client Error","stack":"AggregateError [ECONNREFUSED]: \n    at internalConnectMultiple (node:net:1118:18)\n    at afterConnectMultiple (node:net:1685:7)","timestamp":"2025-11-29 17:03:44"}
{"code":"ECONNREFUSED","level":"error","message":"Redis Client Error","stack":"AggregateError [ECONNREFUSED]: \n    at internalConnectMultiple (node:net:1118:18)\n    at afterConnectMultiple (node:net:1685:7)","timestamp":"2025-11-29 17:03:44"}
{"level":"info","message":"Connected to MongoDB","timestamp":"2025-11-29 17:03:45"}
{"code":"ECONNREFUSED","level":"error","message":"Redis Client Error","stack":"AggregateError [ECONNREFUSED]: \n    at internalConnectMultiple (node:net:1118:18)\n    at afterConnectMultiple (node:net:1685:7)","timestamp":"2025-11-29 17:03:45"}
{"code":"ECONNREFUSED","level":"error","message":"Redis Client Error","stack":"AggregateError [ECONNREFUSED]: \n    at internalConnectMultiple (node:net:1118:18)\n    at afterConnectMultiple (node:net:1685:7)","timestamp":"2025-11-29 17:03:45"}
{"code":"ECONNREFUSED","level":"error","message":"Redis Client Error","stack":"AggregateError [ECONNREFUSED]: \n    at internalConnectMultiple (node:net:1118:18)\n    at afterConnectMultiple (node:net:1685:7)","timestamp":"2025-11-29 17:03:45"}
{"code":"ECONNREFUSED","level":"error","message":"Redis Client Error","stack":"AggregateError [ECONNREFUSED]: \n    at internalConnectMultiple (node:net:1118:18)\n    at afterConnectMultiple (node:net:1685:7)","timestamp":"2025-11-29 17:03:46"}
{"code":"ECONNREFUSED","level":"error","message":"Redis Client Error","stack":"AggregateError [ECONNREFUSED]: \n    at internalConnectMultiple (node:net:1118:18)\n    at afterConnectMultiple (node:net:1685:7)","timestamp":"2025-11-29 17:03:48"}
{"code":"ECONNREFUSED","level":"error","message":"Redis Client Error","stack":"AggregateError [ECONNREFUSED]: \n    at internalConnectMultiple (node:net:1118:18)\n    at afterConnectMultiple (node:net:1685:7)","timestamp":"2025-11-29 17:03:50"}
{"code":"ECONNREFUSED","level":"error","message":"Redis Client Error","stack":"AggregateError [ECONNREFUSED]: \n    at internalConnectMultiple (node:net:1118:18)\n    at afterConnectMultiple (node:net:1685:7)","timestamp":"2025-11-29 17:03:52"}
{"code":"ECONNREFUSED","level":"error","message":"Redis Client Error","stack":"AggregateError [ECONNREFUSED]: \n    at internalConnectMultiple (node:net:1118:18)\n    at afterConnectMultiple (node:net:1685:7)","timestamp":"2025-11-29 17:03:54"}
{"code":"ECONNREFUSED","level":"error","message":"Redis Client Error","stack":"AggregateError [ECONNREFUSED]: \n    at internalConnectMultiple (node:net:1118:18)\n    at afterConnectMultiple (node:net:1685:7)","timestamp":"2025-11-29 17:03:56"}
{"code":"ECONNREFUSED","level":"error","message":"Redis Client Error","stack":"AggregateError [ECONNREFUSED]: \n    at internalConnectMultiple (node:net:1118:18)\n    at afterConnectMultiple (node:net:1685:7)","timestamp":"2025-11-29 17:03:58"}
{"code":"ECONNREFUSED","level":"error","message":"Redis Client Error","stack":"AggregateError [ECONNREFUSED]: \n    at internalConnectMultiple (node:net:1118:18)\n    at afterConnectMultiple (node:net:1685:7)","timestamp":"2025-11-29 17:04:00"}
{"code":"ECONNREFUSED","level":"error","message":"Redis Client Error","stack":"AggregateError [ECONNREFUSED]: \n    at internalConnectMultiple (node:net:1118:18)\n    at afterConnectMultiple (node:net:1685:7)","timestamp":"2025-11-29 17:04:03"}
{"code":"ECONNREFUSED","level":"error","message":"Redis Client Error","stack":"AggregateError [ECONNREFUSED]: \n    at internalConnectMultiple (node:net:1118:18)\n    at afterConnectMultiple (node:net:1685:7)","timestamp":"2025-11-29 17:04:05"}
{"code":"ECONNREFUSED","level":"error","message":"Redis Client Error","stack":"AggregateError [ECONNREFUSED]: \n    at internalConnectMultiple (node:net:1118:18)\n    at afterConnectMultiple (node:net:1685:7)","timestamp":"2025-11-29 17:04:07"}
{"code":"ECONNREFUSED","level":"error","message":"Redis Client Error","stack":"AggregateError [ECONNREFUSED]: \n    at internalConnectMultiple (node:net:1118:18)\n    at afterConnectMultiple (node:net:1685:7)","timestamp":"2025-11-29 17:04:09"}
{"code":"ECONNREFUSED","level":"error","message":"Redis Client Error","stack":"AggregateError [ECONNREFUSED]: \n    at internalConnectMultiple (node:net:1118:18)\n    at afterConnectMultiple (node:net:1685:7)","timestamp":"2025-11-29 17:04:11"}
{"code":"ECONNREFUSED","level":"error","message":"Redis Client Error","stack":"AggregateError [ECONNREFUSED]: \n    at internalConnectMultiple (node:net:1118:18)\n    at afterConnectMultiple (node:net:1685:7)","timestamp":"2025-11-29 17:04:13"}
{"code":"ECONNREFUSED","level":"error","message":"Redis Client Error","stack":"AggregateError [ECONNREFUSED]: \n    at internalConnectMultiple (node:net:1118:18)\n    at afterConnectMultiple (node:net:1685:7)","timestamp":"2025-11-29 17:04:15"}
{"code":"ECONNREFUSED","level":"error","message":"Redis Client Error","stack":"AggregateError [ECONNREFUSED]: \n    at internalConnectMultiple (node:net:1118:18)\n    at afterConnectMultiple (node:net:1685:7)","timestamp":"2025-11-29 17:04:18"}
{"code":"ECONNREFUSED","level":"error","message":"Redis Client Error","stack":"AggregateError [ECONNREFUSED]: \n    at internalConnectMultiple (node:net:1118:18)\n    at afterConnectMultiple (node:net:1685:7)","timestamp":"2025-11-29 17:04:20"}
{"code":"ECONNREFUSED","level":"error","message":"Redis Client Error","stack":"AggregateError [ECONNREFUSED]: \n    at internalConnectMultiple (node:net:1118:18)\n    at afterConnectMultiple (node:net:1685:7)","timestamp":"2025-11-29 17:04:22"}
{"code":"ECONNREFUSED","level":"error","message":"Redis Client Error","stack":"AggregateError [ECONNREFUSED]: \n    at internalConnectMultiple (node:net:1118:18)\n    at afterConnectMultiple (node:net:1685:7)","timestamp":"2025-11-29 17:04:24"}
{"code":"ECONNREFUSED","level":"error","message":"Redis Client Error","stack":"AggregateError [ECONNREFUSED]: \n    at internalConnectMultiple (node:net:1118:18)\n    at afterConnectMultiple (node:net:1685:7)","timestamp":"2025-11-29 17:04:26"}
{"code":"ECONNREFUSED","level":"error","message":"Redis Client Error","stack":"AggregateError [ECONNREFUSED]: \n    at internalConnectMultiple (node:net:1118:18)\n    at afterConnectMultiple (node:net:1685:7)","timestamp":"2025-11-29 17:04:28"}
{"code":"ECONNREFUSED","level":"error","message":"Redis Client Error","stack":"AggregateError [ECONNREFUSED]: \n    at internalConnectMultiple (node:net:1118:18)\n    at afterConnectMultiple (node:net:1685:7)","timestamp":"2025-11-29 17:04:30"}
{"code":"ECONNREFUSED","level":"error","message":"Redis Client Error","stack":"AggregateError [ECONNREFUSED]: \n    at internalConnectMultiple (node:net:1118:18)\n    at afterConnectMultiple (node:net:1685:7)","timestamp":"2025-11-29 17:04:32"}
{"code":"ECONNREFUSED","level":"error","message":"Redis Client Error","stack":"AggregateError [ECONNREFUSED]: \n    at internalConnectMultiple (node:net:1118:18)\n    at afterConnectMultiple (node:net:1685:7)","timestamp":"2025-11-29 17:04:34"}
{"code":"ECONNREFUSED","level":"error","message":"Redis Client Error","stack":"AggregateError [ECONNREFUSED]: \n    at internalConnectMultiple (node:net:1118:18)\n    at afterConnectMultiple (node:net:1685:7)","timestamp":"2025-11-29 17:04:37"}
{"code":"ECONNREFUSED","level":"error","message":"Redis Client Error","stack":"AggregateError [ECONNREFUSED]: \n    at internalConnectMultiple (node:net:1118:18)\n    at afterConnectMultiple (node:net:1685:7)","timestamp":"2025-11-29 17:04:39"}
{"code":"ECONNREFUSED","level":"error","message":"Redis Client Error","stack":"AggregateError [ECONNREFUSED]: \n    at internalConnectMultiple (node:net:1118:18)\n    at afterConnectMultiple (node:net:1685:7)","timestamp":"2025-11-29 17:04:41"}
{"code":"ECONNREFUSED","level":"error","message":"Redis Client Error","stack":"AggregateError [ECONNREFUSED]: \n    at internalConnectMultiple (node:net:1118:18)\n    at afterConnectMultiple (node:net:1685:7)","timestamp":"2025-11-29 17:04:43"}
{"code":"ECONNREFUSED","level":"error","message":"Redis Client Error","stack":"AggregateError [ECONNREFUSED]: \n    at internalConnectMultiple (node:net:1118:18)\n    at afterConnectMultiple (node:net:1685:7)","timestamp":"2025-11-29 17:04:45"}
{"level":"info","message":"Server started on port 8000","timestamp":"2025-11-29 17:04:51"}
{"level":"info","message":"gRPC Server running on port 50051","timestamp":"2025-11-29 17:04:51"}
{"level":"info","message":"Connected to MongoDB","timestamp":"2025-11-29 17:04:51"}
{"body":{"area":"Test Area","brand":"Test Brand","category":"Electronics","city":"Test City","description":"Test Description","name":"Test Product","price":100},"level":"info","message":"Creating new product","timestamp":"2025-11-29 17:05:07","user":"692ada6bc3b3e2320cae1df6"}
{"level":"info","message":"Product created successfully","productId":"692ada6bddeb0070098cac79","timestamp":"2025-11-29 17:05:07"}
{"level":"info","message":"::1 - - [29/Nov/2025:11:35:07 +0000] \"POST /offerzone/products/ HTTP/1.1\" 201 364 \"-\" \"axios/1.13.2\"","timestamp":"2025-11-29 17:05:07"}
{"level":"info","message":"Fetching all products","query":{"limit":"10","page":"1","sort":"-createdAt"},"timestamp":"2025-11-29 17:06:58"}
{"filters":{},"level":"info","message":"Applied product filters","timestamp":"2025-11-29 17:06:58"}
{"level":"info","message":"Products fetched successfully","returned":10,"timestamp":"2025-11-29 17:06:58","total":18}
{"level":"info","message":"::1 - - [29/Nov/2025:11:36:58 +0000] \"GET /offerzone/products/?page=1&limit=10&sort=-createdAt HTTP/1.1\" 200 3182 \"http://localhost:8085/api-docs/\" \"Mozilla/5.0 (Macintosh; Intel Mac OS X 10_15_7) AppleWebKit/537.36 (KHTML, like Gecko) Chrome/142.0.0.0 Safari/537.36\"","timestamp":"2025-11-29 17:06:58"}
{"level":"info","message":"::ffff:10.33.29.38 - - [29/Nov/2025:11:41:03 +0000] \"GET /login.html HTTP/1.1\" 404 149 \"-\" \"Mozilla/4.0 (compatible; MSIE 8.0; Windows NT 5.1; Trident/4.0)\"","timestamp":"2025-11-29 17:11:03"}
{"level":"info","message":"::ffff:10.33.29.38 - - [29/Nov/2025:11:41:03 +0000] \"GET /login?redirects=10 HTTP/1.1\" 404 144 \"-\" \"Mozilla/4.0 (compatible; MSIE 8.0; Windows NT 5.1; Trident/4.0)\"","timestamp":"2025-11-29 17:11:03"}
{"level":"info","message":"::ffff:10.33.29.38 - - [29/Nov/2025:11:41:15 +0000] \"GET /self_upgrade.html HTTP/1.1\" 404 156 \"-\" \"Mozilla/4.0 (compatible; MSIE 8.0; Windows NT 5.1; Trident/4.0)\"","timestamp":"2025-11-29 17:11:15"}
{"level":"info","message":"::ffff:10.33.29.38 - - [29/Nov/2025:11:41:16 +0000] \"GET /securecgi-bin/CSUserCGI.exe?ver HTTP/1.1\" 404 166 \"-\" \"Mozilla/4.0 (compatible; MSIE 8.0; Windows NT 5.1; Trident/4.0)\"","timestamp":"2025-11-29 17:11:16"}
{"level":"info","message":"::ffff:10.33.29.38 - - [29/Nov/2025:11:41:16 +0000] \"GET /securecgi-bin/CSUserCGI.exe?Init+0 HTTP/1.1\" 404 166 \"-\" \"Mozilla/4.0 (compatible; MSIE 8.0; Windows NT 5.1; Trident/4.0)\"","timestamp":"2025-11-29 17:11:16"}
{"level":"info","message":"::ffff:10.33.29.38 - - [29/Nov/2025:11:41:41 +0000] \"GET /cgi-bin/kvm.cgi?&file=login HTTP/1.1\" 404 154 \"-\" \"Mozilla/4.0 (compatible; MSIE 8.0; Windows NT 5.1; Trident/4.0)\"","timestamp":"2025-11-29 17:11:41"}
{"level":"info","message":"::ffff:10.33.29.38 - - [29/Nov/2025:11:42:04 +0000] \"GET /snmx-cgi/fxm.exe HTTP/1.1\" 404 155 \"-\" \"Mozilla/4.0 (compatible; MSIE 8.0; Windows NT 5.1; Trident/4.0)\"","timestamp":"2025-11-29 17:12:04"}
{"level":"info","message":"Server started on port 8000","timestamp":"2025-11-29 17:17:55"}
{"error":"No address added out of total 1 resolved errors: [listen EADDRINUSE: address already in use 0.0.0.0:50051]","level":"error","message":"gRPC Server bind error","timestamp":"2025-11-29 17:17:55"}
{"level":"info","message":"Connected to MongoDB","timestamp":"2025-11-29 17:17:55"}
{"level":"info","message":"::ffff:10.33.29.38 - - [29/Nov/2025:11:48:10 +0000] \"GET /servlet/admin?category=server&method=listAll&Authorization=Digest+username%3D%22admin%22%2C+response%3D%22ae9f86d6beaa3f9ecb9a5b7e072a4138%22%2C+nonce%3D%222b089ba7985a883ab2eddcd3539a6c94%22%2C+realm%3D%22adminRealm%22%2C+uri%3D%22%2Fservlet%2Fadmin%22&service= HTTP/1.0\" 404 152 \"-\" \"-\"","timestamp":"2025-11-29 17:18:10"}
{"level":"info","message":"::ffff:10.33.29.38 - - [29/Nov/2025:11:48:55 +0000] \"GET /qwe/qwe/index.html HTTP/1.1\" 404 157 \"-\" \"Mozilla/4.0 (compatible; MSIE 8.0; Windows NT 5.1; Trident/4.0)\"","timestamp":"2025-11-29 17:18:55"}
{"level":"info","message":"::ffff:10.33.29.38 - - [29/Nov/2025:11:52:04 +0000] \"GET /..\\pixfir~1\\how_to_login.html HTTP/1.1\" 404 168 \"-\" \"Mozilla/4.0 (compatible; MSIE 8.0; Windows NT 5.1; Trident/4.0)\"","timestamp":"2025-11-29 17:22:04"}
{"level":"info","message":"::ffff:10.33.29.38 - - [29/Nov/2025:11:52:58 +0000] \"GET /note.txt?F_notini=&T_note=&nomentreprise=blah&filenote=../../windows/win.ini HTTP/1.1\" 404 147 \"-\" \"Mozilla/4.0 (compatible; MSIE 8.0; Windows NT 5.1; Trident/4.0)\"","timestamp":"2025-11-29 17:22:58"}
{"level":"info","message":"::ffff:10.33.29.38 - - [29/Nov/2025:11:52:58 +0000] \"GET /note.txt?F_notini=&T_note=&nomentreprise=blah&filenote=../../winnt/win.ini HTTP/1.1\" 404 147 \"-\" \"Mozilla/4.0 (compatible; MSIE 8.0; Windows NT 5.1; Trident/4.0)\"","timestamp":"2025-11-29 17:22:58"}
{"level":"info","message":"Server started on port 8000","timestamp":"2025-11-29 17:24:14"}
{"error":"No address added out of total 1 resolved errors: [listen EADDRINUSE: address already in use 0.0.0.0:50051]","level":"error","message":"gRPC Server bind error","timestamp":"2025-11-29 17:24:14"}
{"level":"info","message":"Connected to MongoDB","timestamp":"2025-11-29 17:24:14"}
{"level":"info","message":"Server started on port 8000","timestamp":"2025-11-29 17:24:50"}
{"level":"info","message":"gRPC Server running on port 50051","timestamp":"2025-11-29 17:24:50"}
{"level":"info","message":"Connected to MongoDB","timestamp":"2025-11-29 17:24:51"}
{"level":"info","message":"Server started on port 8000","timestamp":"2025-11-29 17:26:52"}
{"level":"info","message":"gRPC Server running on port 50051","timestamp":"2025-11-29 17:26:52"}
{"level":"info","message":"Connected to MongoDB","timestamp":"2025-11-29 17:26:52"}
{"level":"info","message":"Server started on port 8000","timestamp":"2025-11-29 17:29:30"}
{"level":"info","message":"gRPC Server running on port 50051","timestamp":"2025-11-29 17:29:30"}
{"level":"info","message":"Connected to MongoDB","timestamp":"2025-11-29 17:29:30"}
{"level":"info","message":"Server started on port 8000","timestamp":"2025-11-29 17:33:24"}
{"level":"info","message":"gRPC Server running on port 50051","timestamp":"2025-11-29 17:33:24"}
{"level":"info","message":"Connected to MongoDB","timestamp":"2025-11-29 17:33:25"}
{"level":"info","message":"Server started on port 8000","timestamp":"2025-11-29 17:33:53"}
{"level":"info","message":"gRPC Server running on port 50051","timestamp":"2025-11-29 17:33:53"}
{"level":"info","message":"Connected to MongoDB","timestamp":"2025-11-29 17:33:53"}
{"level":"info","message":"Server started on port 8000","timestamp":"2025-11-29 17:37:17"}
{"level":"info","message":"gRPC Server running on port 50051","timestamp":"2025-11-29 17:37:17"}
{"level":"info","message":"Connected to MongoDB","timestamp":"2025-11-29 17:37:17"}
{"level":"info","message":"Server started on port 8000","timestamp":"2025-11-29 17:38:56"}
{"level":"info","message":"gRPC Server running on port 50051","timestamp":"2025-11-29 17:38:57"}
{"level":"info","message":"Connected to MongoDB","timestamp":"2025-11-29 17:38:57"}
{"level":"info","message":"Server started on port 8000","timestamp":"2025-11-29 17:39:48"}
{"level":"info","message":"gRPC Server running on port 50051","timestamp":"2025-11-29 17:39:48"}
{"level":"info","message":"Connected to MongoDB","timestamp":"2025-11-29 17:39:48"}
{"level":"info","message":"Fetching all products","query":{},"timestamp":"2025-11-29 17:40:06"}
{"filters":{},"level":"info","message":"Applied product filters","timestamp":"2025-11-29 17:40:06"}
{"level":"info","message":"Products fetched successfully","returned":10,"timestamp":"2025-11-29 17:40:06","total":18}
{"level":"info","message":"::1 - - [29/Nov/2025:12:10:06 +0000] \"GET /offerzone/products HTTP/1.1\" 200 3182 \"-\" \"curl/8.7.1\"","timestamp":"2025-11-29 17:40:06"}
{"level":"info","message":"Server started on port 8000","timestamp":"2025-11-29 17:40:59"}
{"error":"No address added out of total 1 resolved errors: [listen EADDRINUSE: address already in use 0.0.0.0:50051]","level":"error","message":"gRPC Server bind error","timestamp":"2025-11-29 17:40:59"}
{"level":"info","message":"Connected to MongoDB","timestamp":"2025-11-29 17:40:59"}
{"level":"info","message":"Server started on port 8000","timestamp":"2025-11-29 17:42:02"}
{"level":"info","message":"gRPC Server running on port 50051","timestamp":"2025-11-29 17:42:02"}
{"level":"info","message":"Connected to MongoDB","timestamp":"2025-11-29 17:42:03"}
{"level":"info","message":"Server started on port 8000","timestamp":"2025-11-29 17:54:57"}
{"level":"info","message":"gRPC Server running on port 50051","timestamp":"2025-11-29 17:54:57"}
{"level":"info","message":"Connected to MongoDB","timestamp":"2025-11-29 17:54:58"}
{"level":"info","message":"Server started on port 8000","timestamp":"2025-11-29 18:22:37"}
{"error":"The `uri` parameter to `openUri()` must be a string, got \"undefined\". Make sure the first parameter to `mongoose.connect()` or `mongoose.createConnection()` is a string.","level":"error","message":"MongoDB connection error","timestamp":"2025-11-29 18:22:37"}
{"level":"info","message":"gRPC Server running on port 50051","timestamp":"2025-11-29 18:22:37"}
{"level":"info","message":"Connected to Redis","timestamp":"2025-11-29 18:22:37"}
{"level":"info","message":"Server started on port 8000","timestamp":"2025-11-29 18:23:45"}
{"level":"info","message":"gRPC Server running on port 50051","timestamp":"2025-11-29 18:23:45"}
{"level":"info","message":"Connected to Redis","timestamp":"2025-11-29 18:23:45"}
{"level":"info","message":"Connected to MongoDB","timestamp":"2025-11-29 18:23:45"}
{"level":"info","message":"Root endpoint accessed","timestamp":"2025-11-29 18:24:55"}
{"level":"info","message":"::1 - - [29/Nov/2025:12:54:55 +0000] \"GET / HTTP/1.1\" 304 - \"-\" \"Mozilla/5.0 (Macintosh; Intel Mac OS X 10_15_7) AppleWebKit/537.36 (KHTML, like Gecko) Chrome/142.0.0.0 Safari/537.36\"","timestamp":"2025-11-29 18:24:55"}
{"level":"info","message":"Server started on port 8000","timestamp":"2025-11-29 18:30:57"}
{"level":"info","message":"gRPC Server running on port 50051","timestamp":"2025-11-29 18:30:57"}
{"level":"info","message":"Connected to Redis","timestamp":"2025-11-29 18:30:57"}
{"level":"info","message":"Connected to MongoDB","timestamp":"2025-11-29 18:30:58"}
{"body":{"area":"Test Area","brand":"Test Brand","category":"Electronics","city":"Test City","description":"Test Description","name":"Test Product","price":100},"level":"info","message":"Creating new product","timestamp":"2025-11-29 18:31:07","user":"692aee935ff53886ee0f7fb4"}
{"level":"info","message":"Product created successfully","productId":"692aee936b0ce9eb3c08cc61","timestamp":"2025-11-29 18:31:07"}
{"level":"info","message":"::1 - - [29/Nov/2025:13:01:07 +0000] \"POST /offerzone/products/ HTTP/1.1\" 201 364 \"-\" \"axios/1.13.2\"","timestamp":"2025-11-29 18:31:07"}
